This file contains any messages produced by compilers while
running configure, to aid debugging if configure makes a mistake.

It was created by gparted configure 0.26.0, which was
generated by GNU Autoconf 2.69.  Invocation command line was

  $ ./configure 

## --------- ##
## Platform. ##
## --------- ##

hostname = gluon3
uname -m = armv7l
uname -r = 4.4.11-v7+
uname -s = Linux
uname -v = #888 SMP Mon May 23 20:10:33 BST 2016

/usr/bin/uname -p = unknown
/bin/uname -X     = unknown

/bin/arch              = unknown
/usr/bin/arch -k       = unknown
/usr/convex/getsysinfo = unknown
/usr/bin/hostinfo      = unknown
/bin/machine           = unknown
/usr/bin/oslevel       = unknown
/bin/universe          = unknown

PATH: /usr/local/sbin
PATH: /usr/local/bin
PATH: /usr/sbin
PATH: /usr/bin
PATH: /sbin
PATH: /bin


## ----------- ##
## Core tests. ##
## ----------- ##

configure:2508: checking for a BSD-compatible install
configure:2576: result: /usr/bin/install -c
configure:2587: checking whether build environment is sane
configure:2642: result: yes
configure:2793: checking for a thread-safe mkdir -p
configure:2832: result: /bin/mkdir -p
configure:2839: checking for gawk
configure:2869: result: no
configure:2839: checking for mawk
configure:2855: found /usr/bin/mawk
configure:2866: result: mawk
configure:2877: checking whether make sets $(MAKE)
configure:2899: result: yes
configure:2928: checking whether make supports nested variables
configure:2945: result: yes
configure:3071: checking whether to enable maintainer-specific portions of Makefiles
configure:3080: result: no
configure:3153: checking for g++
configure:3169: found /usr/bin/g++
configure:3180: result: g++
configure:3207: checking for C++ compiler version
configure:3216: g++ --version >&5
g++ (Raspbian 4.9.2-10) 4.9.2
Copyright (C) 2014 Free Software Foundation, Inc.
This is free software; see the source for copying conditions.  There is NO
warranty; not even for MERCHANTABILITY or FITNESS FOR A PARTICULAR PURPOSE.

configure:3227: $? = 0
configure:3216: g++ -v >&5
Using built-in specs.
COLLECT_GCC=g++
COLLECT_LTO_WRAPPER=/usr/lib/gcc/arm-linux-gnueabihf/4.9/lto-wrapper
Target: arm-linux-gnueabihf
Configured with: ../src/configure -v --with-pkgversion='Raspbian 4.9.2-10' --with-bugurl=file:///usr/share/doc/gcc-4.9/README.Bugs --enable-languages=c,c++,java,go,d,fortran,objc,obj-c++ --prefix=/usr --program-suffix=-4.9 --enable-shared --enable-linker-build-id --libexecdir=/usr/lib --without-included-gettext --enable-threads=posix --with-gxx-include-dir=/usr/include/c++/4.9 --libdir=/usr/lib --enable-nls --with-sysroot=/ --enable-clocale=gnu --enable-libstdcxx-debug --enable-libstdcxx-time=yes --enable-gnu-unique-object --disable-libitm --disable-libquadmath --enable-plugin --with-system-zlib --disable-browser-plugin --enable-java-awt=gtk --enable-gtk-cairo --with-java-home=/usr/lib/jvm/java-1.5.0-gcj-4.9-armhf/jre --enable-java-home --with-jvm-root-dir=/usr/lib/jvm/java-1.5.0-gcj-4.9-armhf --with-jvm-jar-dir=/usr/lib/jvm-exports/java-1.5.0-gcj-4.9-armhf --with-arch-directory=arm --with-ecj-jar=/usr/share/java/eclipse-ecj.jar --enable-objc-gc --enable-multiarch --disable-sjlj-exceptions --with-arch=armv6 --with-fpu=vfp --with-float=hard --enable-checking=release --build=arm-linux-gnueabihf --host=arm-linux-gnueabihf --target=arm-linux-gnueabihf
Thread model: posix
gcc version 4.9.2 (Raspbian 4.9.2-10) 
configure:3227: $? = 0
configure:3216: g++ -V >&5
g++: error: unrecognized command line option '-V'
g++: fatal error: no input files
compilation terminated.
configure:3227: $? = 4
configure:3216: g++ -qversion >&5
g++: error: unrecognized command line option '-qversion'
g++: fatal error: no input files
compilation terminated.
configure:3227: $? = 4
configure:3247: checking whether the C++ compiler works
configure:3269: g++    conftest.cpp  >&5
configure:3273: $? = 0
configure:3321: result: yes
configure:3324: checking for C++ compiler default output file name
configure:3326: result: a.out
configure:3332: checking for suffix of executables
configure:3339: g++ -o conftest    conftest.cpp  >&5
configure:3343: $? = 0
configure:3365: result: 
configure:3387: checking whether we are cross compiling
configure:3395: g++ -o conftest    conftest.cpp  >&5
configure:3399: $? = 0
configure:3406: ./conftest
configure:3410: $? = 0
configure:3425: result: no
configure:3430: checking for suffix of object files
configure:3452: g++ -c   conftest.cpp >&5
configure:3456: $? = 0
configure:3477: result: o
configure:3481: checking whether we are using the GNU C++ compiler
configure:3500: g++ -c   conftest.cpp >&5
configure:3500: $? = 0
configure:3509: result: yes
configure:3518: checking whether g++ accepts -g
configure:3538: g++ -c -g  conftest.cpp >&5
configure:3538: $? = 0
configure:3579: result: yes
configure:3613: checking for style of include used by make
configure:3641: result: GNU
configure:3667: checking dependency style of g++
configure:3778: result: gcc3
configure:3841: checking for gcc
configure:3857: found /usr/bin/gcc
configure:3868: result: gcc
configure:4097: checking for C compiler version
configure:4106: gcc --version >&5
gcc (Raspbian 4.9.2-10) 4.9.2
Copyright (C) 2014 Free Software Foundation, Inc.
This is free software; see the source for copying conditions.  There is NO
warranty; not even for MERCHANTABILITY or FITNESS FOR A PARTICULAR PURPOSE.

configure:4117: $? = 0
configure:4106: gcc -v >&5
Using built-in specs.
COLLECT_GCC=gcc
COLLECT_LTO_WRAPPER=/usr/lib/gcc/arm-linux-gnueabihf/4.9/lto-wrapper
Target: arm-linux-gnueabihf
Configured with: ../src/configure -v --with-pkgversion='Raspbian 4.9.2-10' --with-bugurl=file:///usr/share/doc/gcc-4.9/README.Bugs --enable-languages=c,c++,java,go,d,fortran,objc,obj-c++ --prefix=/usr --program-suffix=-4.9 --enable-shared --enable-linker-build-id --libexecdir=/usr/lib --without-included-gettext --enable-threads=posix --with-gxx-include-dir=/usr/include/c++/4.9 --libdir=/usr/lib --enable-nls --with-sysroot=/ --enable-clocale=gnu --enable-libstdcxx-debug --enable-libstdcxx-time=yes --enable-gnu-unique-object --disable-libitm --disable-libquadmath --enable-plugin --with-system-zlib --disable-browser-plugin --enable-java-awt=gtk --enable-gtk-cairo --with-java-home=/usr/lib/jvm/java-1.5.0-gcj-4.9-armhf/jre --enable-java-home --with-jvm-root-dir=/usr/lib/jvm/java-1.5.0-gcj-4.9-armhf --with-jvm-jar-dir=/usr/lib/jvm-exports/java-1.5.0-gcj-4.9-armhf --with-arch-directory=arm --with-ecj-jar=/usr/share/java/eclipse-ecj.jar --enable-objc-gc --enable-multiarch --disable-sjlj-exceptions --with-arch=armv6 --with-fpu=vfp --with-float=hard --enable-checking=release --build=arm-linux-gnueabihf --host=arm-linux-gnueabihf --target=arm-linux-gnueabihf
Thread model: posix
gcc version 4.9.2 (Raspbian 4.9.2-10) 
configure:4117: $? = 0
configure:4106: gcc -V >&5
gcc: error: unrecognized command line option '-V'
gcc: fatal error: no input files
compilation terminated.
configure:4117: $? = 4
configure:4106: gcc -qversion >&5
gcc: error: unrecognized command line option '-qversion'
gcc: fatal error: no input files
compilation terminated.
configure:4117: $? = 4
configure:4121: checking whether we are using the GNU C compiler
configure:4140: gcc -c   conftest.c >&5
configure:4140: $? = 0
configure:4149: result: yes
configure:4158: checking whether gcc accepts -g
configure:4178: gcc -c -g  conftest.c >&5
configure:4178: $? = 0
configure:4219: result: yes
configure:4236: checking for gcc option to accept ISO C89
configure:4299: gcc  -c -g -O2  conftest.c >&5
configure:4299: $? = 0
configure:4312: result: none needed
configure:4337: checking whether gcc understands -c and -o together
configure:4359: gcc -c conftest.c -o conftest2.o
configure:4362: $? = 0
configure:4359: gcc -c conftest.c -o conftest2.o
configure:4362: $? = 0
configure:4374: result: yes
configure:4393: checking dependency style of gcc
configure:4504: result: gcc3
configure:4548: checking build system type
configure:4562: result: armv7l-unknown-linux-gnueabihf
configure:4582: checking host system type
configure:4595: result: armv7l-unknown-linux-gnueabihf
configure:4636: checking how to print strings
configure:4663: result: printf
configure:4684: checking for a sed that does not truncate output
configure:4748: result: /bin/sed
configure:4766: checking for grep that handles long lines and -e
configure:4824: result: /bin/grep
configure:4829: checking for egrep
configure:4891: result: /bin/grep -E
configure:4896: checking for fgrep
configure:4958: result: /bin/grep -F
configure:4993: checking for ld used by gcc
configure:5060: result: /usr/bin/ld
configure:5067: checking if the linker (/usr/bin/ld) is GNU ld
configure:5082: result: yes
configure:5094: checking for BSD- or MS-compatible name lister (nm)
configure:5143: result: /usr/bin/nm -B
configure:5273: checking the name lister (/usr/bin/nm -B) interface
configure:5280: gcc -c -g -O2  conftest.c >&5
configure:5283: /usr/bin/nm -B "conftest.o"
configure:5286: output
00000000 B some_variable
configure:5293: result: BSD nm
configure:5296: checking whether ln -s works
configure:5300: result: yes
configure:5308: checking the maximum length of command line arguments
configure:5439: result: 1572864
configure:5456: checking whether the shell understands some XSI constructs
configure:5466: result: yes
configure:5470: checking whether the shell understands "+="
configure:5476: result: yes
configure:5511: checking how to convert armv7l-unknown-linux-gnueabihf file names to armv7l-unknown-linux-gnueabihf format
configure:5551: result: func_convert_file_noop
configure:5558: checking how to convert armv7l-unknown-linux-gnueabihf file names to toolchain format
configure:5578: result: func_convert_file_noop
configure:5585: checking for /usr/bin/ld option to reload object files
configure:5592: result: -r
configure:5666: checking for objdump
configure:5682: found /usr/bin/objdump
configure:5693: result: objdump
configure:5725: checking how to recognize dependent libraries
configure:5923: result: pass_all
configure:6008: checking for dlltool
configure:6038: result: no
configure:6068: checking how to associate runtime and link libraries
configure:6095: result: printf %s\n
configure:6156: checking for ar
configure:6172: found /usr/bin/ar
configure:6183: result: ar
configure:6220: checking for archiver @FILE support
configure:6237: gcc -c -g -O2  conftest.c >&5
configure:6237: $? = 0
configure:6240: ar cru libconftest.a @conftest.lst >&5
configure:6243: $? = 0
configure:6248: ar cru libconftest.a @conftest.lst >&5
ar: conftest.o: No such file or directory
configure:6251: $? = 1
configure:6263: result: @
configure:6321: checking for strip
configure:6337: found /usr/bin/strip
configure:6348: result: strip
configure:6420: checking for ranlib
configure:6436: found /usr/bin/ranlib
configure:6447: result: ranlib
configure:6549: checking command to parse /usr/bin/nm -B output from gcc object
configure:6669: gcc -c -g -O2  conftest.c >&5
configure:6672: $? = 0
configure:6676: /usr/bin/nm -B conftest.o \| sed -n -e 's/^.*[ ]\([ABCDGIRSTW][ABCDGIRSTW]*\)[ ][ ]*\([_A-Za-z][_A-Za-z0-9]*\)$/\1 \2 \2/p' | sed '/ __gnu_lto/d' \> conftest.nm
configure:6679: $? = 0
configure:6745: gcc -o conftest -g -O2   conftest.c conftstm.o >&5
configure:6748: $? = 0
configure:6786: result: ok
configure:6823: checking for sysroot
configure:6853: result: no
configure:7122: checking for mt
configure:7138: found /bin/mt
configure:7149: result: mt
configure:7172: checking if mt is a manifest tool
configure:7178: mt '-?'
configure:7186: result: no
configure:7828: checking how to run the C preprocessor
configure:7859: gcc -E  conftest.c
configure:7859: $? = 0
configure:7873: gcc -E  conftest.c
conftest.c:11:28: fatal error: ac_nonexistent.h: No such file or directory
 #include <ac_nonexistent.h>
                            ^
compilation terminated.
configure:7873: $? = 1
configure: failed program was:
| /* confdefs.h */
| #define PACKAGE_NAME "gparted"
| #define PACKAGE_TARNAME "gparted"
| #define PACKAGE_VERSION "0.26.0"
| #define PACKAGE_STRING "gparted 0.26.0"
| #define PACKAGE_BUGREPORT "https://bugzilla.gnome.org/enter_bug.cgi?product=gparted"
| #define PACKAGE_URL ""
| #define PACKAGE "gparted"
| #define VERSION "0.26.0"
| /* end confdefs.h.  */
| #include <ac_nonexistent.h>
configure:7898: result: gcc -E
configure:7918: gcc -E  conftest.c
configure:7918: $? = 0
configure:7932: gcc -E  conftest.c
conftest.c:11:28: fatal error: ac_nonexistent.h: No such file or directory
 #include <ac_nonexistent.h>
                            ^
compilation terminated.
configure:7932: $? = 1
configure: failed program was:
| /* confdefs.h */
| #define PACKAGE_NAME "gparted"
| #define PACKAGE_TARNAME "gparted"
| #define PACKAGE_VERSION "0.26.0"
| #define PACKAGE_STRING "gparted 0.26.0"
| #define PACKAGE_BUGREPORT "https://bugzilla.gnome.org/enter_bug.cgi?product=gparted"
| #define PACKAGE_URL ""
| #define PACKAGE "gparted"
| #define VERSION "0.26.0"
| /* end confdefs.h.  */
| #include <ac_nonexistent.h>
configure:7961: checking for ANSI C header files
configure:7981: gcc -c -g -O2  conftest.c >&5
configure:7981: $? = 0
configure:8054: gcc -o conftest -g -O2   conftest.c  >&5
configure:8054: $? = 0
configure:8054: ./conftest
configure:8054: $? = 0
configure:8065: result: yes
configure:8078: checking for sys/types.h
configure:8078: gcc -c -g -O2  conftest.c >&5
configure:8078: $? = 0
configure:8078: result: yes
configure:8078: checking for sys/stat.h
configure:8078: gcc -c -g -O2  conftest.c >&5
configure:8078: $? = 0
configure:8078: result: yes
configure:8078: checking for stdlib.h
configure:8078: gcc -c -g -O2  conftest.c >&5
configure:8078: $? = 0
configure:8078: result: yes
configure:8078: checking for string.h
configure:8078: gcc -c -g -O2  conftest.c >&5
configure:8078: $? = 0
configure:8078: result: yes
configure:8078: checking for memory.h
configure:8078: gcc -c -g -O2  conftest.c >&5
configure:8078: $? = 0
configure:8078: result: yes
configure:8078: checking for strings.h
configure:8078: gcc -c -g -O2  conftest.c >&5
configure:8078: $? = 0
configure:8078: result: yes
configure:8078: checking for inttypes.h
configure:8078: gcc -c -g -O2  conftest.c >&5
configure:8078: $? = 0
configure:8078: result: yes
configure:8078: checking for stdint.h
configure:8078: gcc -c -g -O2  conftest.c >&5
configure:8078: $? = 0
configure:8078: result: yes
configure:8078: checking for unistd.h
configure:8078: gcc -c -g -O2  conftest.c >&5
configure:8078: $? = 0
configure:8078: result: yes
configure:8092: checking for dlfcn.h
configure:8092: gcc -c -g -O2  conftest.c >&5
configure:8092: $? = 0
configure:8092: result: yes
configure:8309: checking for objdir
configure:8324: result: .libs
configure:8595: checking if gcc supports -fno-rtti -fno-exceptions
configure:8613: gcc -c -g -O2  -fno-rtti -fno-exceptions conftest.c >&5
cc1: warning: command line option '-fno-rtti' is valid for C++/ObjC++ but not for C
configure:8617: $? = 0
configure:8630: result: no
configure:8957: checking for gcc option to produce PIC
configure:8964: result: -fPIC -DPIC
configure:8972: checking if gcc PIC flag -fPIC -DPIC works
configure:8990: gcc -c -g -O2  -fPIC -DPIC -DPIC conftest.c >&5
configure:8994: $? = 0
configure:9007: result: yes
configure:9036: checking if gcc static flag -static works
configure:9064: result: yes
configure:9079: checking if gcc supports -c -o file.o
configure:9100: gcc -c -g -O2  -o out/conftest2.o conftest.c >&5
configure:9104: $? = 0
configure:9126: result: yes
configure:9134: checking if gcc supports -c -o file.o
configure:9181: result: yes
configure:9214: checking whether the gcc linker (/usr/bin/ld) supports shared libraries
configure:10371: result: yes
configure:10408: checking whether -lc should be explicitly linked in
configure:10416: gcc -c -g -O2  conftest.c >&5
configure:10419: $? = 0
configure:10434: gcc -shared  -fPIC -DPIC conftest.o  -v -Wl,-soname -Wl,conftest -o conftest 2\>\&1 \| /bin/grep  -lc  \>/dev/null 2\>\&1
configure:10437: $? = 0
configure:10451: result: no
configure:10611: checking dynamic linker characteristics
configure:11111: gcc -o conftest -g -O2   -Wl,-rpath -Wl,/foo conftest.c  >&5
configure:11111: $? = 0
configure:11345: result: GNU/Linux ld.so
configure:11452: checking how to hardcode library paths into programs
configure:11477: result: immediate
configure:12017: checking whether stripping libraries is possible
configure:12022: result: yes
configure:12057: checking if libtool supports shared libraries
configure:12059: result: yes
configure:12062: checking whether to build shared libraries
configure:12083: result: yes
configure:12086: checking whether to build static libraries
configure:12090: result: yes
configure:12113: checking how to run the C++ preprocessor
configure:12140: g++ -E  conftest.cpp
configure:12140: $? = 0
configure:12154: g++ -E  conftest.cpp
conftest.cpp:23:28: fatal error: ac_nonexistent.h: No such file or directory
 #include <ac_nonexistent.h>
                            ^
compilation terminated.
configure:12154: $? = 1
configure: failed program was:
| /* confdefs.h */
| #define PACKAGE_NAME "gparted"
| #define PACKAGE_TARNAME "gparted"
| #define PACKAGE_VERSION "0.26.0"
| #define PACKAGE_STRING "gparted 0.26.0"
| #define PACKAGE_BUGREPORT "https://bugzilla.gnome.org/enter_bug.cgi?product=gparted"
| #define PACKAGE_URL ""
| #define PACKAGE "gparted"
| #define VERSION "0.26.0"
| #define STDC_HEADERS 1
| #define HAVE_SYS_TYPES_H 1
| #define HAVE_SYS_STAT_H 1
| #define HAVE_STDLIB_H 1
| #define HAVE_STRING_H 1
| #define HAVE_MEMORY_H 1
| #define HAVE_STRINGS_H 1
| #define HAVE_INTTYPES_H 1
| #define HAVE_STDINT_H 1
| #define HAVE_UNISTD_H 1
| #define HAVE_DLFCN_H 1
| #define LT_OBJDIR ".libs/"
| /* end confdefs.h.  */
| #include <ac_nonexistent.h>
configure:12179: result: g++ -E
configure:12199: g++ -E  conftest.cpp
configure:12199: $? = 0
configure:12213: g++ -E  conftest.cpp
conftest.cpp:23:28: fatal error: ac_nonexistent.h: No such file or directory
 #include <ac_nonexistent.h>
                            ^
compilation terminated.
configure:12213: $? = 1
configure: failed program was:
| /* confdefs.h */
| #define PACKAGE_NAME "gparted"
| #define PACKAGE_TARNAME "gparted"
| #define PACKAGE_VERSION "0.26.0"
| #define PACKAGE_STRING "gparted 0.26.0"
| #define PACKAGE_BUGREPORT "https://bugzilla.gnome.org/enter_bug.cgi?product=gparted"
| #define PACKAGE_URL ""
| #define PACKAGE "gparted"
| #define VERSION "0.26.0"
| #define STDC_HEADERS 1
| #define HAVE_SYS_TYPES_H 1
| #define HAVE_SYS_STAT_H 1
| #define HAVE_STDLIB_H 1
| #define HAVE_STRING_H 1
| #define HAVE_MEMORY_H 1
| #define HAVE_STRINGS_H 1
| #define HAVE_INTTYPES_H 1
| #define HAVE_STDINT_H 1
| #define HAVE_UNISTD_H 1
| #define HAVE_DLFCN_H 1
| #define LT_OBJDIR ".libs/"
| /* end confdefs.h.  */
| #include <ac_nonexistent.h>
configure:12382: checking for ld used by g++
configure:12449: result: /usr/bin/ld
configure:12456: checking if the linker (/usr/bin/ld) is GNU ld
configure:12471: result: yes
configure:12526: checking whether the g++ linker (/usr/bin/ld) supports shared libraries
configure:13528: result: yes
configure:13564: g++ -c -g -O2  conftest.cpp >&5
configure:13567: $? = 0
configure:14087: checking for g++ option to produce PIC
configure:14094: result: -fPIC -DPIC
configure:14102: checking if g++ PIC flag -fPIC -DPIC works
configure:14120: g++ -c -g -O2  -fPIC -DPIC -DPIC conftest.cpp >&5
configure:14124: $? = 0
configure:14137: result: yes
configure:14160: checking if g++ static flag -static works
configure:14188: result: yes
configure:14200: checking if g++ supports -c -o file.o
configure:14221: g++ -c -g -O2  -o out/conftest2.o conftest.cpp >&5
configure:14225: $? = 0
configure:14247: result: yes
configure:14252: checking if g++ supports -c -o file.o
configure:14299: result: yes
configure:14329: checking whether the g++ linker (/usr/bin/ld) supports shared libraries
configure:14368: result: yes
configure:14509: checking dynamic linker characteristics
configure:15177: result: GNU/Linux ld.so
configure:15230: checking how to hardcode library paths into programs
configure:15255: result: immediate
configure:15320: checking for gawk
configure:15347: result: mawk
configure:15412: checking for pkg-config
configure:15430: found /usr/bin/pkg-config
configure:15442: result: /usr/bin/pkg-config
configure:15467: checking pkg-config is at least version 0.9.0
configure:15470: result: yes
configure:15479: $PKG_CONFIG --exists --print-errors ""
Must specify package names on the command line
configure:15482: $? = 1
configure:15492: checking for gksudo
configure:15508: found /usr/bin/gksudo
configure:15519: result: gksudo
configure:15543: checking locale.h usability
configure:15543: gcc -c -g -O2  conftest.c >&5
configure:15543: $? = 0
configure:15543: result: yes
configure:15543: checking locale.h presence
configure:15543: gcc -E  conftest.c
configure:15543: $? = 0
configure:15543: result: yes
configure:15543: checking for locale.h
configure:15543: result: yes
configure:15554: checking for LC_MESSAGES
configure:15570: gcc -o conftest -g -O2   conftest.c  >&5
configure:15570: $? = 0
configure:15578: result: yes
configure:15595: checking libintl.h usability
configure:15595: gcc -c -g -O2  conftest.c >&5
configure:15595: $? = 0
configure:15595: result: yes
configure:15595: checking libintl.h presence
configure:15595: gcc -E  conftest.c
configure:15595: $? = 0
configure:15595: result: yes
configure:15595: checking for libintl.h
configure:15595: result: yes
configure:15603: checking for ngettext in libc
configure:15621: gcc -o conftest -g -O2   conftest.c  >&5
configure:15621: $? = 0
configure:15630: result: yes
configure:15634: checking for dgettext in libc
configure:15652: gcc -o conftest -g -O2   conftest.c  >&5
configure:15652: $? = 0
configure:15661: result: yes
configure:15668: checking for bind_textdomain_codeset
configure:15668: gcc -o conftest -g -O2   conftest.c  >&5
configure:15668: $? = 0
configure:15668: result: yes
configure:15944: checking for msgfmt
configure:15971: result: /usr/bin/msgfmt
configure:15982: checking for dcgettext
configure:15982: gcc -o conftest -g -O2   conftest.c   >&5
conftest.c:51:6: warning: conflicting types for built-in function 'dcgettext'
 char dcgettext ();
      ^
configure:15982: $? = 0
configure:15982: result: yes
configure:15992: checking if msgfmt accepts -c
configure:16007: $MSGFMT -c -o /dev/null conftest.foo
conftest.foo:3: warning: header field 'Language' missing in header
configure:16010: $? = 0
configure:16012: result: yes
configure:16022: checking for gmsgfmt
configure:16053: result: /usr/bin/msgfmt
configure:16063: checking for xgettext
configure:16090: result: /usr/bin/xgettext
configure:16109: gcc -o conftest -g -O2   conftest.c   >&5
configure:16109: $? = 0
configure:16249: checking whether NLS is requested
configure:16258: result: yes
configure:16276: checking for intltool >= 0.35.5
configure:16278: result: 0.50.2 found
configure:16286: checking for intltool-update
configure:16304: found /usr/bin/intltool-update
configure:16316: result: /usr/bin/intltool-update
configure:16326: checking for intltool-merge
configure:16344: found /usr/bin/intltool-merge
configure:16356: result: /usr/bin/intltool-merge
configure:16366: checking for intltool-extract
configure:16384: found /usr/bin/intltool-extract
configure:16396: result: /usr/bin/intltool-extract
configure:16550: checking for xgettext
configure:16580: result: /usr/bin/xgettext
configure:16590: checking for msgmerge
configure:16608: found /usr/bin/msgmerge
configure:16620: result: /usr/bin/msgmerge
configure:16630: checking for msgfmt
configure:16660: result: /usr/bin/msgfmt
configure:16670: checking for gmsgfmt
configure:16701: result: /usr/bin/msgfmt
configure:16721: checking for perl
configure:16739: found /usr/bin/perl
configure:16751: result: /usr/bin/perl
configure:16762: checking for perl >= 5.8.1
configure:16769: result: 5.20.2
configure:16773: checking for XML::Parser
configure:16776: result: ok
configure:16829: checking for uuid_generate in -luuid
configure:16854: gcc -o conftest -g -O2   conftest.c -luuid   >&5
configure:16854: $? = 0
configure:16863: result: yes
configure:16876: checking for dlopen in -ldl
configure:16901: gcc -o conftest -g -O2   conftest.c -ldl  -luuid  >&5
configure:16901: $? = 0
configure:16910: result: yes
configure:16923: checking for ped_device_read in -lparted
configure:16948: gcc -o conftest -g -O2   conftest.c -lparted  -ldl -luuid  >&5
configure:16948: $? = 0
configure:16957: result: yes
configure:16973: checking for libparted >= 1.7.1 (querying pkg-config)
configure:16978: $PKG_CONFIG --exists --print-errors "libparted"
configure:16981: $? = 0
configure:16986: result: 3.2
configure:17044: checking for 2.0 <= libparted <= 3.0 (loop table creation doesn't delete old partitions)
configure:17060: result: (cached) no
configure:17066: checking for libparted >= 2.2 (improved pt re-read)
configure:17075: result: (cached) yes
configure:17088: checking for ped_file_system_resize in -lparted
configure:17113: gcc -o conftest -g -O2   conftest.c -lparted  -lparted -ldl -luuid  >&5
/tmp/cc0Or9Sv.o: In function `main':
/home/pi/gparted-0.26.0/conftest.c:45: undefined reference to `ped_file_system_resize'
collect2: error: ld returned 1 exit status
configure:17113: $? = 1
configure: failed program was:
| /* confdefs.h */
| #define PACKAGE_NAME "gparted"
| #define PACKAGE_TARNAME "gparted"
| #define PACKAGE_VERSION "0.26.0"
| #define PACKAGE_STRING "gparted 0.26.0"
| #define PACKAGE_BUGREPORT "https://bugzilla.gnome.org/enter_bug.cgi?product=gparted"
| #define PACKAGE_URL ""
| #define PACKAGE "gparted"
| #define VERSION "0.26.0"
| #define STDC_HEADERS 1
| #define HAVE_SYS_TYPES_H 1
| #define HAVE_SYS_STAT_H 1
| #define HAVE_STDLIB_H 1
| #define HAVE_STRING_H 1
| #define HAVE_MEMORY_H 1
| #define HAVE_STRINGS_H 1
| #define HAVE_INTTYPES_H 1
| #define HAVE_STDINT_H 1
| #define HAVE_UNISTD_H 1
| #define HAVE_DLFCN_H 1
| #define LT_OBJDIR ".libs/"
| #define GETTEXT_PACKAGE "gparted"
| #define HAVE_LOCALE_H 1
| #define HAVE_LC_MESSAGES 1
| #define HAVE_BIND_TEXTDOMAIN_CODESET 1
| #define HAVE_GETTEXT 1
| #define HAVE_DCGETTEXT 1
| #define ENABLE_NLS 1
| #define HAVE_LIBUUID 1
| #define HAVE_LIBDL 1
| #define HAVE_LIBPARTED 1
| #define USE_LIBPARTED_LARGE_SECTOR_SUPPORT 1
| /* end confdefs.h.  */
| 
| /* Override any GCC internal prototype to avoid an error.
|    Use char because int might match the return type of a GCC
|    builtin and then its argument prototype would still apply.  */
| #ifdef __cplusplus
| extern "C"
| #endif
| char ped_file_system_resize ();
| int
| main ()
| {
| return ped_file_system_resize ();
|   ;
|   return 0;
| }
configure:17122: result: no
configure:17133: checking for ped_file_system_resize in -lparted-fs-resize
configure:17158: gcc -o conftest -g -O2   conftest.c -lparted-fs-resize  -lparted -ldl -luuid  >&5
configure:17158: $? = 0
configure:17167: result: yes
configure:17181: checking for libparted >= 3.2 (online resize)
configure:17187: result: (cached) yes
configure:17205: checking for GTHREAD
configure:17212: $PKG_CONFIG --exists --print-errors "gthread-2.0"
configure:17215: $? = 0
configure:17229: $PKG_CONFIG --exists --print-errors "gthread-2.0"
configure:17232: $? = 0
configure:17290: result: yes
configure:17299: checking for GTKMM
configure:17306: $PKG_CONFIG --exists --print-errors "gtkmm-2.4 > 2.8"
configure:17309: $? = 0
configure:17323: $PKG_CONFIG --exists --print-errors "gtkmm-2.4 > 2.8"
configure:17326: $? = 0
configure:17384: result: yes
configure:17392: checking for Glib::Regex class
configure:17395: $PKG_CONFIG --exists --print-errors "glibmm-2.4 >= 2.14.0"
configure:17398: $? = 0
configure:17403: result: yes
configure:17413: checking for Gtk::Window::set_default_icon_name() method
configure:17416: $PKG_CONFIG --exists --print-errors "gtkmm-2.4 >= 2.11.1"
configure:17419: $? = 0
configure:17432: result: yes
configure:17451: checking for gtk_show_uri function
configure:17454: $PKG_CONFIG --exists --print-errors "gtkmm-2.4 >= 2.16.0"
configure:17457: $? = 0
configure:17462: result: yes
configure:17472: checking for Gtk::MessageDialog::get_message_area() method
configure:17475: $PKG_CONFIG --exists --print-errors "gtkmm-2.4 >= 2.22.0"
configure:17478: $? = 0
configure:17483: result: yes
configure:17494: checking for glibmm >= 2.45.40 which requires C++11 compilation
configure:17497: $PKG_CONFIG --exists --print-errors "glibmm-2.4 >= 2.45.40"
Requested 'glibmm-2.4 >= 2.45.40' but version of glibmm is 2.42.0
You may find new versions of glibmm at http://www.gtkmm.org/
configure:17500: $? = 1
configure:17507: result: no
configure:17511: checking for libsigc++ >= 2.5.1 which requires C++11 compilation
configure:17514: $PKG_CONFIG --exists --print-errors "sigc++-2.0 >= 2.5.1"
Requested 'sigc++-2.0 >= 2.5.1' but version of libsigc++ is 2.4.0
You may find new versions of libsigc++ at http://libsigc.sourceforge.net/
configure:17517: $? = 1
configure:17524: result: no
configure:17814: checking whether help documentation should be built
configure:17820: result: yes
configure:17836: checking gnome-doc-utils >= 0.3.2
configure:17839: $PKG_CONFIG --exists --print-errors "gnome-doc-utils >= $gdu_cv_version_required"
configure:17842: $? = 0
configure:17850: result: yes
configure:18038: checking whether to use native libparted /dev/mapper dmraid support
configure:18047: result: no
configure:18061: checking whether online resize support is enabled
configure:18067: result: yes
configure:18187: checking that generated files are newer than configure
configure:18193: result: done
configure:18256: creating ./config.status

## ---------------------- ##
## Running config.status. ##
## ---------------------- ##

This file was extended by gparted config.status 0.26.0, which was
generated by GNU Autoconf 2.69.  Invocation command line was

  CONFIG_FILES    = 
  CONFIG_HEADERS  = 
  CONFIG_LINKS    = 
  CONFIG_COMMANDS = 
  $ ./config.status 

on gluon3

config.status:1271: creating Makefile
config.status:1271: creating compose/Makefile
config.status:1271: creating data/Makefile
config.status:1271: creating data/icons/Makefile
config.status:1271: creating doc/Makefile
config.status:1271: creating help/Makefile
config.status:1271: creating include/Makefile
config.status:1271: creating src/Makefile
config.status:1271: creating po/Makefile.in
config.status:1271: creating config.h
config.status:1452: config.h is unchanged
config.status:1500: executing depfiles commands
config.status:1500: executing libtool commands
config.status:1500: executing default-1 commands
config.status:1500: executing po/stamp-it commands

## ---------------- ##
## Cache variables. ##
## ---------------- ##

ac_cv_build=armv7l-unknown-linux-gnueabihf
ac_cv_c_compiler_gnu=yes
ac_cv_cxx_compiler_gnu=yes
ac_cv_env_CCC_set=
ac_cv_env_CCC_value=
ac_cv_env_CC_set=
ac_cv_env_CC_value=
ac_cv_env_CFLAGS_set=
ac_cv_env_CFLAGS_value=
ac_cv_env_CPPFLAGS_set=
ac_cv_env_CPPFLAGS_value=
ac_cv_env_CPP_set=
ac_cv_env_CPP_value=
ac_cv_env_CXXCPP_set=
ac_cv_env_CXXCPP_value=
ac_cv_env_CXXFLAGS_set=
ac_cv_env_CXXFLAGS_value=
ac_cv_env_CXX_set=
ac_cv_env_CXX_value=
ac_cv_env_GTHREAD_CFLAGS_set=
ac_cv_env_GTHREAD_CFLAGS_value=
ac_cv_env_GTHREAD_LIBS_set=
ac_cv_env_GTHREAD_LIBS_value=
ac_cv_env_GTKMM_CFLAGS_set=
ac_cv_env_GTKMM_CFLAGS_value=
ac_cv_env_GTKMM_LIBS_set=
ac_cv_env_GTKMM_LIBS_value=
ac_cv_env_LDFLAGS_set=
ac_cv_env_LDFLAGS_value=
ac_cv_env_LIBS_set=
ac_cv_env_LIBS_value=
ac_cv_env_PKG_CONFIG_LIBDIR_set=
ac_cv_env_PKG_CONFIG_LIBDIR_value=
ac_cv_env_PKG_CONFIG_PATH_set=
ac_cv_env_PKG_CONFIG_PATH_value=
ac_cv_env_PKG_CONFIG_set=
ac_cv_env_PKG_CONFIG_value=
ac_cv_env_build_alias_set=
ac_cv_env_build_alias_value=
ac_cv_env_host_alias_set=
ac_cv_env_host_alias_value=
ac_cv_env_target_alias_set=
ac_cv_env_target_alias_value=
ac_cv_func_bind_textdomain_codeset=yes
ac_cv_func_dcgettext=yes
ac_cv_header_dlfcn_h=yes
ac_cv_header_inttypes_h=yes
ac_cv_header_libintl_h=yes
ac_cv_header_locale_h=yes
ac_cv_header_memory_h=yes
ac_cv_header_stdc=yes
ac_cv_header_stdint_h=yes
ac_cv_header_stdlib_h=yes
ac_cv_header_string_h=yes
ac_cv_header_strings_h=yes
ac_cv_header_sys_stat_h=yes
ac_cv_header_sys_types_h=yes
ac_cv_header_unistd_h=yes
ac_cv_host=armv7l-unknown-linux-gnueabihf
ac_cv_lib_dl_dlopen=yes
ac_cv_lib_parted_fs_resize_ped_file_system_resize=yes
ac_cv_lib_parted_ped_device_read=yes
ac_cv_lib_parted_ped_file_system_resize=no
ac_cv_lib_uuid_uuid_generate=yes
ac_cv_objext=o
ac_cv_path_EGREP='/bin/grep -E'
ac_cv_path_FGREP='/bin/grep -F'
ac_cv_path_GMSGFMT=/usr/bin/msgfmt
ac_cv_path_GREP=/bin/grep
ac_cv_path_INTLTOOL_EXTRACT=/usr/bin/intltool-extract
ac_cv_path_INTLTOOL_MERGE=/usr/bin/intltool-merge
ac_cv_path_INTLTOOL_PERL=/usr/bin/perl
ac_cv_path_INTLTOOL_UPDATE=/usr/bin/intltool-update
ac_cv_path_MSGFMT=/usr/bin/msgfmt
ac_cv_path_MSGMERGE=/usr/bin/msgmerge
ac_cv_path_SED=/bin/sed
ac_cv_path_XGETTEXT=/usr/bin/xgettext
ac_cv_path_ac_pt_PKG_CONFIG=/usr/bin/pkg-config
ac_cv_path_install='/usr/bin/install -c'
ac_cv_path_mkdir=/bin/mkdir
ac_cv_prog_AWK=mawk
ac_cv_prog_CPP='gcc -E'
ac_cv_prog_CXXCPP='g++ -E'
ac_cv_prog_GKSUPROG=gksudo
ac_cv_prog_ac_ct_AR=ar
ac_cv_prog_ac_ct_CC=gcc
ac_cv_prog_ac_ct_CXX=g++
ac_cv_prog_ac_ct_MANIFEST_TOOL=mt
ac_cv_prog_ac_ct_OBJDUMP=objdump
ac_cv_prog_ac_ct_RANLIB=ranlib
ac_cv_prog_ac_ct_STRIP=strip
ac_cv_prog_cc_c89=
ac_cv_prog_cc_g=yes
ac_cv_prog_cxx_g=yes
ac_cv_prog_make_make_set=yes
am_cv_CC_dependencies_compiler_type=gcc3
am_cv_CXX_dependencies_compiler_type=gcc3
am_cv_make_support_nested_variables=yes
am_cv_prog_cc_c_o=yes
am_cv_val_LC_MESSAGES=yes
gdu_cv_have_gdu=yes
gdu_cv_version_required=0.3.2
gt_cv_func_dgettext_libc=yes
gt_cv_func_dgettext_libintl=no
gt_cv_func_ngettext_libc=yes
gt_cv_have_gettext=yes
lt_cv_ar_at_file=@
lt_cv_archive_cmds_need_lc=no
lt_cv_deplibs_check_method=pass_all
lt_cv_file_magic_cmd='$MAGIC_CMD'
lt_cv_file_magic_test_file=
lt_cv_ld_reload_flag=-r
lt_cv_nm_interface='BSD nm'
lt_cv_objdir=.libs
lt_cv_path_LD=/usr/bin/ld
lt_cv_path_LDCXX=/usr/bin/ld
lt_cv_path_NM='/usr/bin/nm -B'
lt_cv_path_mainfest_tool=no
lt_cv_prog_compiler_c_o=yes
lt_cv_prog_compiler_c_o_CXX=yes
lt_cv_prog_compiler_pic='-fPIC -DPIC'
lt_cv_prog_compiler_pic_CXX='-fPIC -DPIC'
lt_cv_prog_compiler_pic_works=yes
lt_cv_prog_compiler_pic_works_CXX=yes
lt_cv_prog_compiler_rtti_exceptions=no
lt_cv_prog_compiler_static_works=yes
lt_cv_prog_compiler_static_works_CXX=yes
lt_cv_prog_gnu_ld=yes
lt_cv_prog_gnu_ldcxx=yes
lt_cv_sharedlib_from_linklib_cmd='printf %s\n'
lt_cv_shlibpath_overrides_runpath=no
lt_cv_sys_global_symbol_pipe='sed -n -e '\''s/^.*[	 ]\([ABCDGIRSTW][ABCDGIRSTW]*\)[	 ][	 ]*\([_A-Za-z][_A-Za-z0-9]*\)$/\1 \2 \2/p'\'' | sed '\''/ __gnu_lto/d'\'''
lt_cv_sys_global_symbol_to_c_name_address='sed -n -e '\''s/^: \([^ ]*\)[ ]*$/  {\"\1\", (void *) 0},/p'\'' -e '\''s/^[ABCDGIRSTW]* \([^ ]*\) \([^ ]*\)$/  {"\2", (void *) \&\2},/p'\'''
lt_cv_sys_global_symbol_to_c_name_address_lib_prefix='sed -n -e '\''s/^: \([^ ]*\)[ ]*$/  {\"\1\", (void *) 0},/p'\'' -e '\''s/^[ABCDGIRSTW]* \([^ ]*\) \(lib[^ ]*\)$/  {"\2", (void *) \&\2},/p'\'' -e '\''s/^[ABCDGIRSTW]* \([^ ]*\) \([^ ]*\)$/  {"lib\2", (void *) \&\2},/p'\'''
lt_cv_sys_global_symbol_to_cdecl='sed -n -e '\''s/^T .* \(.*\)$/extern int \1();/p'\'' -e '\''s/^[ABCDGIRSTW]* .* \(.*\)$/extern char \1;/p'\'''
lt_cv_sys_max_cmd_len=1572864
lt_cv_to_host_file_cmd=func_convert_file_noop
lt_cv_to_tool_file_cmd=func_convert_file_noop
pkg_cv_GTHREAD_CFLAGS='-pthread -I/usr/include/glib-2.0 -I/usr/lib/arm-linux-gnueabihf/glib-2.0/include '
pkg_cv_GTHREAD_LIBS='-lgthread-2.0 -pthread -lglib-2.0 '
pkg_cv_GTKMM_CFLAGS='-pthread -I/usr/include/gtkmm-2.4 -I/usr/lib/arm-linux-gnueabihf/gtkmm-2.4/include -I/usr/include/atkmm-1.6 -I/usr/include/gtk-unix-print-2.0 -I/usr/include/gtk-2.0 -I/usr/include/gdkmm-2.4 -I/usr/lib/arm-linux-gnueabihf/gdkmm-2.4/include -I/usr/include/giomm-2.4 -I/usr/lib/arm-linux-gnueabihf/giomm-2.4/include -I/usr/include/pangomm-1.4 -I/usr/lib/arm-linux-gnueabihf/pangomm-1.4/include -I/usr/include/glibmm-2.4 -I/usr/lib/arm-linux-gnueabihf/glibmm-2.4/include -I/usr/include/sigc++-2.0 -I/usr/lib/arm-linux-gnueabihf/sigc++-2.0/include -I/usr/include/gtk-2.0 -I/usr/lib/arm-linux-gnueabihf/gtk-2.0/include -I/usr/include/gio-unix-2.0/ -I/usr/include/cairo -I/usr/include/pango-1.0 -I/usr/include/atk-1.0 -I/usr/include/cairo -I/usr/include/pixman-1 -I/usr/include/libpng12 -I/usr/include/gdk-pixbuf-2.0 -I/usr/include/libpng12 -I/usr/include/pango-1.0 -I/usr/include/harfbuzz -I/usr/include/pango-1.0 -I/usr/include/glib-2.0 -I/usr/lib/arm-linux-gnueabihf/glib-2.0/include -I/usr/include/freetype2 -I/usr/include/cairomm-1.0 -I/usr/lib/cairomm-1.0/include '
pkg_cv_GTKMM_LIBS='-lgtkmm-2.4 -latkmm-1.6 -lgtk-x11-2.0 -lgdkmm-2.4 -lgiomm-2.4 -lpangomm-1.4 -lglibmm-2.4 -lcairomm-1.0 -lsigc-2.0 -lgtk-x11-2.0 -lgdk-x11-2.0 -lpangocairo-1.0 -latk-1.0 -lcairo -lgdk_pixbuf-2.0 -lgio-2.0 -lpangoft2-1.0 -lpango-1.0 -lgobject-2.0 -lglib-2.0 -lfontconfig -lfreetype '

## ----------------- ##
## Output variables. ##
## ----------------- ##

ACLOCAL='${SHELL} /home/pi/gparted-0.26.0/missing aclocal-1.14'
ALL_LINGUAS=''
AMDEPBACKSLASH='\'
AMDEP_FALSE='#'
AMDEP_TRUE=''
AMTAR='$${TAR-tar}'
AM_BACKSLASH='\'
AM_DEFAULT_V='$(AM_DEFAULT_VERBOSITY)'
AM_DEFAULT_VERBOSITY='1'
AM_V='$(V)'
AR='ar'
AUTOCONF='${SHELL} /home/pi/gparted-0.26.0/missing autoconf'
AUTOHEADER='${SHELL} /home/pi/gparted-0.26.0/missing autoheader'
AUTOMAKE='${SHELL} /home/pi/gparted-0.26.0/missing automake-1.14'
AWK='mawk'
BUILD_HELP_DOC_FALSE='#'
BUILD_HELP_DOC_TRUE=''
CATALOGS=''
CATOBJEXT='.gmo'
CC='gcc'
CCDEPMODE='depmode=gcc3'
CFLAGS='-g -O2'
CPP='gcc -E'
CPPFLAGS=''
CXX='g++'
CXXCPP='g++ -E'
CXXDEPMODE='depmode=gcc3'
CXXFLAGS='-g -O2'
CYGPATH_W='echo'
DATADIRNAME='share'
DEFS='-DHAVE_CONFIG_H'
DEPDIR='.deps'
DISTCHECK_CONFIGURE_FLAGS='--disable-scrollkeeper '
DLLTOOL='false'
DOC_USER_FORMATS=''
DSYMUTIL=''
DUMPBIN=''
ECHO_C=''
ECHO_N='-n'
ECHO_T=''
EGREP='/bin/grep -E'
ENABLE_SK_FALSE='#'
ENABLE_SK_TRUE=''
EXEEXT=''
FGREP='/bin/grep -F'
GETTEXT_PACKAGE='gparted'
GKSUPROG='gksudo'
GMOFILES=''
GMSGFMT='/usr/bin/msgfmt'
GREP='/bin/grep'
GTHREAD_CFLAGS='-pthread -I/usr/include/glib-2.0 -I/usr/lib/arm-linux-gnueabihf/glib-2.0/include '
GTHREAD_LIBS='-lgthread-2.0 -pthread -lglib-2.0 '
GTKMM_CFLAGS='-pthread -I/usr/include/gtkmm-2.4 -I/usr/lib/arm-linux-gnueabihf/gtkmm-2.4/include -I/usr/include/atkmm-1.6 -I/usr/include/gtk-unix-print-2.0 -I/usr/include/gtk-2.0 -I/usr/include/gdkmm-2.4 -I/usr/lib/arm-linux-gnueabihf/gdkmm-2.4/include -I/usr/include/giomm-2.4 -I/usr/lib/arm-linux-gnueabihf/giomm-2.4/include -I/usr/include/pangomm-1.4 -I/usr/lib/arm-linux-gnueabihf/pangomm-1.4/include -I/usr/include/glibmm-2.4 -I/usr/lib/arm-linux-gnueabihf/glibmm-2.4/include -I/usr/include/sigc++-2.0 -I/usr/lib/arm-linux-gnueabihf/sigc++-2.0/include -I/usr/include/gtk-2.0 -I/usr/lib/arm-linux-gnueabihf/gtk-2.0/include -I/usr/include/gio-unix-2.0/ -I/usr/include/cairo -I/usr/include/pango-1.0 -I/usr/include/atk-1.0 -I/usr/include/cairo -I/usr/include/pixman-1 -I/usr/include/libpng12 -I/usr/include/gdk-pixbuf-2.0 -I/usr/include/libpng12 -I/usr/include/pango-1.0 -I/usr/include/harfbuzz -I/usr/include/pango-1.0 -I/usr/include/glib-2.0 -I/usr/lib/arm-linux-gnueabihf/glib-2.0/include -I/usr/include/freetype2 -I/usr/include/cairomm-1.0 -I/usr/lib/cairomm-1.0/include '
GTKMM_LIBS='-lgtkmm-2.4 -latkmm-1.6 -lgtk-x11-2.0 -lgdkmm-2.4 -lgiomm-2.4 -lpangomm-1.4 -lglibmm-2.4 -lcairomm-1.0 -lsigc-2.0 -lgtk-x11-2.0 -lgdk-x11-2.0 -lpangocairo-1.0 -latk-1.0 -lcairo -lgdk_pixbuf-2.0 -lgio-2.0 -lpangoft2-1.0 -lpango-1.0 -lgobject-2.0 -lglib-2.0 -lfontconfig -lfreetype '
HAVE_CXX11=''
HAVE_GNOME_DOC_UTILS_FALSE='#'
HAVE_GNOME_DOC_UTILS_TRUE=''
HELP_DIR='${datadir}/gnome/help'
INSTALL_DATA='${INSTALL} -m 644'
INSTALL_PIXMAPS_DIR_FALSE=''
INSTALL_PIXMAPS_DIR_TRUE='#'
INSTALL_PROGRAM='${INSTALL}'
INSTALL_SCRIPT='${INSTALL}'
INSTALL_STRIP_PROGRAM='$(install_sh) -c -s'
INSTOBJEXT='.mo'
INTLLIBS=''
INTLTOOL_CAVES_RULE='%.caves:     %.caves.in     $(INTLTOOL_MERGE) $(wildcard $(top_srcdir)/po/*.po) ; $(INTLTOOL_V_MERGE)LC_ALL=C $(INTLTOOL_MERGE) $(INTLTOOL_V_MERGE_OPTIONS) -d -u -c $(top_builddir)/po/.intltool-merge-cache $(top_srcdir)/po $< $@'
INTLTOOL_DESKTOP_RULE='%.desktop:   %.desktop.in   $(INTLTOOL_MERGE) $(wildcard $(top_srcdir)/po/*.po) ; $(INTLTOOL_V_MERGE)LC_ALL=C $(INTLTOOL_MERGE) $(INTLTOOL_V_MERGE_OPTIONS) -d -u -c $(top_builddir)/po/.intltool-merge-cache $(top_srcdir)/po $< $@'
INTLTOOL_DIRECTORY_RULE='%.directory: %.directory.in $(INTLTOOL_MERGE) $(wildcard $(top_srcdir)/po/*.po) ; $(INTLTOOL_V_MERGE)LC_ALL=C $(INTLTOOL_MERGE) $(INTLTOOL_V_MERGE_OPTIONS) -d -u -c $(top_builddir)/po/.intltool-merge-cache $(top_srcdir)/po $< $@'
INTLTOOL_EXTRACT='/usr/bin/intltool-extract'
INTLTOOL_KBD_RULE='%.kbd:       %.kbd.in       $(INTLTOOL_MERGE) $(wildcard $(top_srcdir)/po/*.po) ; $(INTLTOOL_V_MERGE)LC_ALL=C $(INTLTOOL_MERGE) $(INTLTOOL_V_MERGE_OPTIONS) -x -u -m -c $(top_builddir)/po/.intltool-merge-cache $(top_srcdir)/po $< $@'
INTLTOOL_KEYS_RULE='%.keys:      %.keys.in      $(INTLTOOL_MERGE) $(wildcard $(top_srcdir)/po/*.po) ; $(INTLTOOL_V_MERGE)LC_ALL=C $(INTLTOOL_MERGE) $(INTLTOOL_V_MERGE_OPTIONS) -k -u -c $(top_builddir)/po/.intltool-merge-cache $(top_srcdir)/po $< $@'
INTLTOOL_MERGE='/usr/bin/intltool-merge'
INTLTOOL_OAF_RULE='%.oaf:       %.oaf.in       $(INTLTOOL_MERGE) $(wildcard $(top_srcdir)/po/*.po) ; $(INTLTOOL_V_MERGE)LC_ALL=C $(INTLTOOL_MERGE) $(INTLTOOL_V_MERGE_OPTIONS) -o -p $(top_srcdir)/po $< $@'
INTLTOOL_PERL='/usr/bin/perl'
INTLTOOL_POLICY_RULE='%.policy:    %.policy.in    $(INTLTOOL_MERGE) $(wildcard $(top_srcdir)/po/*.po) ; $(INTLTOOL_V_MERGE)LC_ALL=C $(INTLTOOL_MERGE) $(INTLTOOL_V_MERGE_OPTIONS) -x -u -c $(top_builddir)/po/.intltool-merge-cache $(top_srcdir)/po $< $@'
INTLTOOL_PONG_RULE='%.pong:      %.pong.in      $(INTLTOOL_MERGE) $(wildcard $(top_srcdir)/po/*.po) ; $(INTLTOOL_V_MERGE)LC_ALL=C $(INTLTOOL_MERGE) $(INTLTOOL_V_MERGE_OPTIONS) -x -u -c $(top_builddir)/po/.intltool-merge-cache $(top_srcdir)/po $< $@'
INTLTOOL_PROP_RULE='%.prop:      %.prop.in      $(INTLTOOL_MERGE) $(wildcard $(top_srcdir)/po/*.po) ; $(INTLTOOL_V_MERGE)LC_ALL=C $(INTLTOOL_MERGE) $(INTLTOOL_V_MERGE_OPTIONS) -d -u -c $(top_builddir)/po/.intltool-merge-cache $(top_srcdir)/po $< $@'
INTLTOOL_SCHEMAS_RULE='%.schemas:   %.schemas.in   $(INTLTOOL_MERGE) $(wildcard $(top_srcdir)/po/*.po) ; $(INTLTOOL_V_MERGE)LC_ALL=C $(INTLTOOL_MERGE) $(INTLTOOL_V_MERGE_OPTIONS) -s -u -c $(top_builddir)/po/.intltool-merge-cache $(top_srcdir)/po $< $@'
INTLTOOL_SERVER_RULE='%.server:    %.server.in    $(INTLTOOL_MERGE) $(wildcard $(top_srcdir)/po/*.po) ; $(INTLTOOL_V_MERGE)LC_ALL=C $(INTLTOOL_MERGE) $(INTLTOOL_V_MERGE_OPTIONS) -o -u -c $(top_builddir)/po/.intltool-merge-cache $(top_srcdir)/po $< $@'
INTLTOOL_SERVICE_RULE='%.service: %.service.in   $(INTLTOOL_MERGE) $(wildcard $(top_srcdir)/po/*.po) ; $(INTLTOOL_V_MERGE)LC_ALL=C $(INTLTOOL_MERGE) $(INTLTOOL_V_MERGE_OPTIONS) -d -u -c $(top_builddir)/po/.intltool-merge-cache $(top_srcdir)/po $< $@'
INTLTOOL_SHEET_RULE='%.sheet:     %.sheet.in     $(INTLTOOL_MERGE) $(wildcard $(top_srcdir)/po/*.po) ; $(INTLTOOL_V_MERGE)LC_ALL=C $(INTLTOOL_MERGE) $(INTLTOOL_V_MERGE_OPTIONS) -x -u -c $(top_builddir)/po/.intltool-merge-cache $(top_srcdir)/po $< $@'
INTLTOOL_SOUNDLIST_RULE='%.soundlist: %.soundlist.in $(INTLTOOL_MERGE) $(wildcard $(top_srcdir)/po/*.po) ; $(INTLTOOL_V_MERGE)LC_ALL=C $(INTLTOOL_MERGE) $(INTLTOOL_V_MERGE_OPTIONS) -d -u -c $(top_builddir)/po/.intltool-merge-cache $(top_srcdir)/po $< $@'
INTLTOOL_THEME_RULE='%.theme:     %.theme.in     $(INTLTOOL_MERGE) $(wildcard $(top_srcdir)/po/*.po) ; $(INTLTOOL_V_MERGE)LC_ALL=C $(INTLTOOL_MERGE) $(INTLTOOL_V_MERGE_OPTIONS) -d -u -c $(top_builddir)/po/.intltool-merge-cache $(top_srcdir)/po $< $@'
INTLTOOL_UI_RULE='%.ui:        %.ui.in        $(INTLTOOL_MERGE) $(wildcard $(top_srcdir)/po/*.po) ; $(INTLTOOL_V_MERGE)LC_ALL=C $(INTLTOOL_MERGE) $(INTLTOOL_V_MERGE_OPTIONS) -x -u -c $(top_builddir)/po/.intltool-merge-cache $(top_srcdir)/po $< $@'
INTLTOOL_UPDATE='/usr/bin/intltool-update'
INTLTOOL_V_MERGE='$(INTLTOOL__v_MERGE_$(V))'
INTLTOOL_V_MERGE_OPTIONS='$(intltool__v_merge_options_$(V))'
INTLTOOL_XAM_RULE='%.xam:       %.xml.in       $(INTLTOOL_MERGE) $(wildcard $(top_srcdir)/po/*.po) ; $(INTLTOOL_V_MERGE)LC_ALL=C $(INTLTOOL_MERGE) $(INTLTOOL_V_MERGE_OPTIONS) -x -u -c $(top_builddir)/po/.intltool-merge-cache $(top_srcdir)/po $< $@'
INTLTOOL_XML_NOMERGE_RULE='%.xml:       %.xml.in       $(INTLTOOL_MERGE) ; $(INTLTOOL_V_MERGE)LC_ALL=C $(INTLTOOL_MERGE) $(INTLTOOL_V_MERGE_OPTIONS) -x -u --no-translations $< $@'
INTLTOOL_XML_RULE='%.xml:       %.xml.in       $(INTLTOOL_MERGE) $(wildcard $(top_srcdir)/po/*.po) ; $(INTLTOOL_V_MERGE)LC_ALL=C $(INTLTOOL_MERGE) $(INTLTOOL_V_MERGE_OPTIONS) -x -u -c $(top_builddir)/po/.intltool-merge-cache $(top_srcdir)/po $< $@'
INTLTOOL__v_MERGE_0='@echo "  ITMRG " $@;'
INTLTOOL__v_MERGE_='$(INTLTOOL__v_MERGE_$(AM_DEFAULT_VERBOSITY))'
LD='/usr/bin/ld'
LDFLAGS=''
LIBOBJS=''
LIBS='-lparted-fs-resize -lparted -ldl -luuid '
LIBTOOL='$(SHELL) $(top_builddir)/libtool'
LIPO=''
LN_S='ln -s'
LTLIBOBJS=''
MAINT='#'
MAINTAINER_MODE_FALSE=''
MAINTAINER_MODE_TRUE='#'
MAKEINFO='${SHELL} /home/pi/gparted-0.26.0/missing makeinfo'
MANIFEST_TOOL=':'
MKDIR_P='/bin/mkdir -p'
MKINSTALLDIRS='./mkinstalldirs'
MSGFMT='/usr/bin/msgfmt'
MSGFMT_OPTS='-c'
MSGMERGE='/usr/bin/msgmerge'
NM='/usr/bin/nm -B'
NMEDIT=''
OBJDUMP='objdump'
OBJEXT='o'
OMF_DIR='${datadir}/omf'
OTOOL64=''
OTOOL=''
PACKAGE='gparted'
PACKAGE_BUGREPORT='https://bugzilla.gnome.org/enter_bug.cgi?product=gparted'
PACKAGE_NAME='gparted'
PACKAGE_STRING='gparted 0.26.0'
PACKAGE_TARNAME='gparted'
PACKAGE_URL=''
PACKAGE_VERSION='0.26.0'
PATH_SEPARATOR=':'
PKG_CONFIG='/usr/bin/pkg-config'
PKG_CONFIG_LIBDIR=''
PKG_CONFIG_PATH=''
POFILES=''
POSUB='po'
PO_IN_DATADIR_FALSE=''
PO_IN_DATADIR_TRUE=''
RANLIB='ranlib'
SED='/bin/sed'
SET_MAKE=''
SHELL='/bin/bash'
STRIP='strip'
USE_NLS='yes'
VERSION='0.26.0'
XGETTEXT='/usr/bin/xgettext'
ac_ct_AR='ar'
ac_ct_CC='gcc'
ac_ct_CXX='g++'
ac_ct_DUMPBIN=''
am__EXEEXT_FALSE=''
am__EXEEXT_TRUE='#'
am__fastdepCC_FALSE='#'
am__fastdepCC_TRUE=''
am__fastdepCXX_FALSE='#'
am__fastdepCXX_TRUE=''
am__include='include'
am__isrc=''
am__leading_dot='.'
am__nodep='_no'
am__quote=''
am__tar='$${TAR-tar} chof - "$$tardir"'
am__untar='$${TAR-tar} xf -'
bindir='${exec_prefix}/bin'
build='armv7l-unknown-linux-gnueabihf'
build_alias=''
build_cpu='armv7l'
build_os='linux-gnueabihf'
build_vendor='unknown'
datadir='${datarootdir}'
datarootdir='${prefix}/share'
docdir='${datarootdir}/doc/${PACKAGE_TARNAME}'
dvidir='${docdir}'
exec_prefix='${prefix}'
host='armv7l-unknown-linux-gnueabihf'
host_alias=''
host_cpu='armv7l'
host_os='linux-gnueabihf'
host_vendor='unknown'
htmldir='${docdir}'
includedir='${prefix}/include'
infodir='${datarootdir}/info'
install_sh='${SHELL} /home/pi/gparted-0.26.0/install-sh'
intltool__v_merge_options_0='-q'
intltool__v_merge_options_='$(intltool__v_merge_options_$(AM_DEFAULT_VERBOSITY))'
libdir='${exec_prefix}/lib'
libexecdir='${exec_prefix}/libexec'
localedir='${datarootdir}/locale'
localstatedir='${prefix}/var'
mandir='${datarootdir}/man'
mkdir_p='$(MKDIR_P)'
oldincludedir='/usr/include'
pdfdir='${docdir}'
prefix='/usr/local'
program_transform_name='s,x,x,'
psdir='${docdir}'
sbindir='${exec_prefix}/sbin'
sharedstatedir='${prefix}/com'
sysconfdir='${prefix}/etc'
target_alias=''

## ----------- ##
## confdefs.h. ##
## ----------- ##

/* confdefs.h */
#define PACKAGE_NAME "gparted"
#define PACKAGE_TARNAME "gparted"
#define PACKAGE_VERSION "0.26.0"
#define PACKAGE_STRING "gparted 0.26.0"
#define PACKAGE_BUGREPORT "https://bugzilla.gnome.org/enter_bug.cgi?product=gparted"
#define PACKAGE_URL ""
#define PACKAGE "gparted"
#define VERSION "0.26.0"
#define STDC_HEADERS 1
#define HAVE_SYS_TYPES_H 1
#define HAVE_SYS_STAT_H 1
#define HAVE_STDLIB_H 1
#define HAVE_STRING_H 1
#define HAVE_MEMORY_H 1
#define HAVE_STRINGS_H 1
#define HAVE_INTTYPES_H 1
#define HAVE_STDINT_H 1
#define HAVE_UNISTD_H 1
#define HAVE_DLFCN_H 1
#define LT_OBJDIR ".libs/"
#define GETTEXT_PACKAGE "gparted"
#define HAVE_LOCALE_H 1
#define HAVE_LC_MESSAGES 1
#define HAVE_BIND_TEXTDOMAIN_CODESET 1
#define HAVE_GETTEXT 1
#define HAVE_DCGETTEXT 1
#define ENABLE_NLS 1
#define HAVE_LIBUUID 1
#define HAVE_LIBDL 1
#define HAVE_LIBPARTED 1
#define USE_LIBPARTED_LARGE_SECTOR_SUPPORT 1
#define HAVE_LIBPARTED_FS_RESIZE 1
#define HAVE_GLIB_REGEX 1
#define HAVE_SET_DEFAULT_ICON_NAME 1
#define HAVE_GTK_SHOW_URI 1
#define HAVE_GET_MESSAGE_AREA 1
#define ENABLE_HELP_DOC 1
#define ENABLE_ONLINE_RESIZE 1

configure: exit 0
