This file contains any messages produced by compilers while
running configure, to aid debugging if configure makes a mistake.

It was created by font-manager configure 0.7.2, which was
generated by GNU Autoconf 2.69.  Invocation command line was

  $ ./configure 

## --------- ##
## Platform. ##
## --------- ##

hostname = gluon3
uname -m = armv7l
uname -r = 4.4.13-v7+
uname -s = Linux
uname -v = #893 SMP Wed Jun 8 14:39:18 BST 2016

/usr/bin/uname -p = unknown
/bin/uname -X     = unknown

/bin/arch              = unknown
/usr/bin/arch -k       = unknown
/usr/convex/getsysinfo = unknown
/usr/bin/hostinfo      = unknown
/bin/machine           = unknown
/usr/bin/oslevel       = unknown
/bin/universe          = unknown

PATH: /home/pi/Utils
PATH: /usr/local/sbin
PATH: /usr/local/bin
PATH: /usr/sbin
PATH: /usr/bin
PATH: /sbin
PATH: /bin
PATH: /usr/local/games
PATH: /usr/games


## ----------- ##
## Core tests. ##
## ----------- ##

configure:2578: checking for a BSD-compatible install
configure:2646: result: /usr/bin/install -c
configure:2657: checking whether build environment is sane
configure:2712: result: yes
configure:2863: checking for a thread-safe mkdir -p
configure:2902: result: /bin/mkdir -p
configure:2909: checking for gawk
configure:2939: result: no
configure:2909: checking for mawk
configure:2925: found /usr/bin/mawk
configure:2936: result: mawk
configure:2947: checking whether make sets $(MAKE)
configure:2969: result: yes
configure:2998: checking whether make supports nested variables
configure:3015: result: yes
configure:3152: checking whether make supports nested variables
configure:3169: result: yes
configure:3210: checking build system type
configure:3224: result: armv7l-unknown-linux-gnueabihf
configure:3244: checking host system type
configure:3257: result: armv7l-unknown-linux-gnueabihf
configure:3298: checking how to print strings
configure:3325: result: printf
configure:3358: checking for style of include used by make
configure:3386: result: GNU
configure:3457: checking for gcc
configure:3473: found /usr/bin/gcc
configure:3484: result: gcc
configure:3713: checking for C compiler version
configure:3722: gcc --version >&5
gcc (Raspbian 4.9.2-10) 4.9.2
Copyright (C) 2014 Free Software Foundation, Inc.
This is free software; see the source for copying conditions.  There is NO
warranty; not even for MERCHANTABILITY or FITNESS FOR A PARTICULAR PURPOSE.

configure:3733: $? = 0
configure:3722: gcc -v >&5
Using built-in specs.
COLLECT_GCC=gcc
COLLECT_LTO_WRAPPER=/usr/lib/gcc/arm-linux-gnueabihf/4.9/lto-wrapper
Target: arm-linux-gnueabihf
Configured with: ../src/configure -v --with-pkgversion='Raspbian 4.9.2-10' --with-bugurl=file:///usr/share/doc/gcc-4.9/README.Bugs --enable-languages=c,c++,java,go,d,fortran,objc,obj-c++ --prefix=/usr --program-suffix=-4.9 --enable-shared --enable-linker-build-id --libexecdir=/usr/lib --without-included-gettext --enable-threads=posix --with-gxx-include-dir=/usr/include/c++/4.9 --libdir=/usr/lib --enable-nls --with-sysroot=/ --enable-clocale=gnu --enable-libstdcxx-debug --enable-libstdcxx-time=yes --enable-gnu-unique-object --disable-libitm --disable-libquadmath --enable-plugin --with-system-zlib --disable-browser-plugin --enable-java-awt=gtk --enable-gtk-cairo --with-java-home=/usr/lib/jvm/java-1.5.0-gcj-4.9-armhf/jre --enable-java-home --with-jvm-root-dir=/usr/lib/jvm/java-1.5.0-gcj-4.9-armhf --with-jvm-jar-dir=/usr/lib/jvm-exports/java-1.5.0-gcj-4.9-armhf --with-arch-directory=arm --with-ecj-jar=/usr/share/java/eclipse-ecj.jar --enable-objc-gc --enable-multiarch --disable-sjlj-exceptions --with-arch=armv6 --with-fpu=vfp --with-float=hard --enable-checking=release --build=arm-linux-gnueabihf --host=arm-linux-gnueabihf --target=arm-linux-gnueabihf
Thread model: posix
gcc version 4.9.2 (Raspbian 4.9.2-10) 
configure:3733: $? = 0
configure:3722: gcc -V >&5
gcc: error: unrecognized command line option '-V'
gcc: fatal error: no input files
compilation terminated.
configure:3733: $? = 4
configure:3722: gcc -qversion >&5
gcc: error: unrecognized command line option '-qversion'
gcc: fatal error: no input files
compilation terminated.
configure:3733: $? = 4
configure:3753: checking whether the C compiler works
configure:3775: gcc    conftest.c  >&5
configure:3779: $? = 0
configure:3827: result: yes
configure:3830: checking for C compiler default output file name
configure:3832: result: a.out
configure:3838: checking for suffix of executables
configure:3845: gcc -o conftest    conftest.c  >&5
configure:3849: $? = 0
configure:3871: result: 
configure:3893: checking whether we are cross compiling
configure:3901: gcc -o conftest    conftest.c  >&5
configure:3905: $? = 0
configure:3912: ./conftest
configure:3916: $? = 0
configure:3931: result: no
configure:3936: checking for suffix of object files
configure:3958: gcc -c   conftest.c >&5
configure:3962: $? = 0
configure:3983: result: o
configure:3987: checking whether we are using the GNU C compiler
configure:4006: gcc -c   conftest.c >&5
configure:4006: $? = 0
configure:4015: result: yes
configure:4024: checking whether gcc accepts -g
configure:4044: gcc -c -g  conftest.c >&5
configure:4044: $? = 0
configure:4085: result: yes
configure:4102: checking for gcc option to accept ISO C89
configure:4165: gcc  -c -g -O2  conftest.c >&5
configure:4165: $? = 0
configure:4178: result: none needed
configure:4203: checking whether gcc understands -c and -o together
configure:4225: gcc -c conftest.c -o conftest2.o
configure:4228: $? = 0
configure:4225: gcc -c conftest.c -o conftest2.o
configure:4228: $? = 0
configure:4240: result: yes
configure:4259: checking dependency style of gcc
configure:4370: result: gcc3
configure:4385: checking for a sed that does not truncate output
configure:4449: result: /bin/sed
configure:4467: checking for grep that handles long lines and -e
configure:4525: result: /bin/grep
configure:4530: checking for egrep
configure:4592: result: /bin/grep -E
configure:4597: checking for fgrep
configure:4659: result: /bin/grep -F
configure:4694: checking for ld used by gcc
configure:4761: result: /usr/bin/ld
configure:4768: checking if the linker (/usr/bin/ld) is GNU ld
configure:4783: result: yes
configure:4795: checking for BSD- or MS-compatible name lister (nm)
configure:4844: result: /usr/bin/nm -B
configure:4974: checking the name lister (/usr/bin/nm -B) interface
configure:4981: gcc -c -g -O2  conftest.c >&5
configure:4984: /usr/bin/nm -B "conftest.o"
configure:4987: output
00000000 B some_variable
configure:4994: result: BSD nm
configure:4997: checking whether ln -s works
configure:5001: result: yes
configure:5009: checking the maximum length of command line arguments
configure:5139: result: 1572864
configure:5156: checking whether the shell understands some XSI constructs
configure:5166: result: yes
configure:5170: checking whether the shell understands "+="
configure:5176: result: yes
configure:5211: checking how to convert armv7l-unknown-linux-gnueabihf file names to armv7l-unknown-linux-gnueabihf format
configure:5251: result: func_convert_file_noop
configure:5258: checking how to convert armv7l-unknown-linux-gnueabihf file names to toolchain format
configure:5278: result: func_convert_file_noop
configure:5285: checking for /usr/bin/ld option to reload object files
configure:5292: result: -r
configure:5366: checking for objdump
configure:5382: found /usr/bin/objdump
configure:5393: result: objdump
configure:5425: checking how to recognize dependent libraries
configure:5627: result: pass_all
configure:5712: checking for dlltool
configure:5742: result: no
configure:5772: checking how to associate runtime and link libraries
configure:5799: result: printf %s\n
configure:5860: checking for ar
configure:5876: found /usr/bin/ar
configure:5887: result: ar
configure:5924: checking for archiver @FILE support
configure:5941: gcc -c -g -O2  conftest.c >&5
configure:5941: $? = 0
configure:5944: ar cru libconftest.a @conftest.lst >&5
configure:5947: $? = 0
configure:5952: ar cru libconftest.a @conftest.lst >&5
ar: conftest.o: No such file or directory
configure:5955: $? = 1
configure:5967: result: @
configure:6025: checking for strip
configure:6041: found /usr/bin/strip
configure:6052: result: strip
configure:6124: checking for ranlib
configure:6140: found /usr/bin/ranlib
configure:6151: result: ranlib
configure:6253: checking command to parse /usr/bin/nm -B output from gcc object
configure:6373: gcc -c -g -O2  conftest.c >&5
configure:6376: $? = 0
configure:6380: /usr/bin/nm -B conftest.o \| sed -n -e 's/^.*[ ]\([ABCDGIRSTW][ABCDGIRSTW]*\)[ ][ ]*\([_A-Za-z][_A-Za-z0-9]*\)$/\1 \2 \2/p' | sed '/ __gnu_lto/d' \> conftest.nm
configure:6383: $? = 0
configure:6449: gcc -o conftest -g -O2   conftest.c conftstm.o >&5
configure:6452: $? = 0
configure:6490: result: ok
configure:6527: checking for sysroot
configure:6557: result: no
configure:6819: checking for mt
configure:6835: found /bin/mt
configure:6846: result: mt
configure:6869: checking if mt is a manifest tool
configure:6875: mt '-?'
configure:6883: result: no
configure:7525: checking how to run the C preprocessor
configure:7556: gcc -E  conftest.c
configure:7556: $? = 0
configure:7570: gcc -E  conftest.c
conftest.c:11:28: fatal error: ac_nonexistent.h: No such file or directory
 #include <ac_nonexistent.h>
                            ^
compilation terminated.
configure:7570: $? = 1
configure: failed program was:
| /* confdefs.h */
| #define PACKAGE_NAME "font-manager"
| #define PACKAGE_TARNAME "font-manager"
| #define PACKAGE_VERSION "0.7.2"
| #define PACKAGE_STRING "font-manager 0.7.2"
| #define PACKAGE_BUGREPORT "https://code.google.com/p/font-manager/issues/list"
| #define PACKAGE_URL ""
| #define PACKAGE "font-manager"
| #define VERSION "0.7.2"
| /* end confdefs.h.  */
| #include <ac_nonexistent.h>
configure:7595: result: gcc -E
configure:7615: gcc -E  conftest.c
configure:7615: $? = 0
configure:7629: gcc -E  conftest.c
conftest.c:11:28: fatal error: ac_nonexistent.h: No such file or directory
 #include <ac_nonexistent.h>
                            ^
compilation terminated.
configure:7629: $? = 1
configure: failed program was:
| /* confdefs.h */
| #define PACKAGE_NAME "font-manager"
| #define PACKAGE_TARNAME "font-manager"
| #define PACKAGE_VERSION "0.7.2"
| #define PACKAGE_STRING "font-manager 0.7.2"
| #define PACKAGE_BUGREPORT "https://code.google.com/p/font-manager/issues/list"
| #define PACKAGE_URL ""
| #define PACKAGE "font-manager"
| #define VERSION "0.7.2"
| /* end confdefs.h.  */
| #include <ac_nonexistent.h>
configure:7658: checking for ANSI C header files
configure:7678: gcc -c -g -O2  conftest.c >&5
configure:7678: $? = 0
configure:7751: gcc -o conftest -g -O2   conftest.c  >&5
configure:7751: $? = 0
configure:7751: ./conftest
configure:7751: $? = 0
configure:7762: result: yes
configure:7775: checking for sys/types.h
configure:7775: gcc -c -g -O2  conftest.c >&5
configure:7775: $? = 0
configure:7775: result: yes
configure:7775: checking for sys/stat.h
configure:7775: gcc -c -g -O2  conftest.c >&5
configure:7775: $? = 0
configure:7775: result: yes
configure:7775: checking for stdlib.h
configure:7775: gcc -c -g -O2  conftest.c >&5
configure:7775: $? = 0
configure:7775: result: yes
configure:7775: checking for string.h
configure:7775: gcc -c -g -O2  conftest.c >&5
configure:7775: $? = 0
configure:7775: result: yes
configure:7775: checking for memory.h
configure:7775: gcc -c -g -O2  conftest.c >&5
configure:7775: $? = 0
configure:7775: result: yes
configure:7775: checking for strings.h
configure:7775: gcc -c -g -O2  conftest.c >&5
configure:7775: $? = 0
configure:7775: result: yes
configure:7775: checking for inttypes.h
configure:7775: gcc -c -g -O2  conftest.c >&5
configure:7775: $? = 0
configure:7775: result: yes
configure:7775: checking for stdint.h
configure:7775: gcc -c -g -O2  conftest.c >&5
configure:7775: $? = 0
configure:7775: result: yes
configure:7775: checking for unistd.h
configure:7775: gcc -c -g -O2  conftest.c >&5
configure:7775: $? = 0
configure:7775: result: yes
configure:7789: checking for dlfcn.h
configure:7789: gcc -c -g -O2  conftest.c >&5
configure:7789: $? = 0
configure:7789: result: yes
configure:7995: checking for objdir
configure:8010: result: .libs
configure:8281: checking if gcc supports -fno-rtti -fno-exceptions
configure:8299: gcc -c -g -O2  -fno-rtti -fno-exceptions conftest.c >&5
cc1: warning: command line option '-fno-rtti' is valid for C++/ObjC++ but not for C
configure:8303: $? = 0
configure:8316: result: no
configure:8643: checking for gcc option to produce PIC
configure:8650: result: -fPIC -DPIC
configure:8658: checking if gcc PIC flag -fPIC -DPIC works
configure:8676: gcc -c -g -O2  -fPIC -DPIC -DPIC conftest.c >&5
configure:8680: $? = 0
configure:8693: result: yes
configure:8722: checking if gcc static flag -static works
configure:8750: result: yes
configure:8765: checking if gcc supports -c -o file.o
configure:8786: gcc -c -g -O2  -o out/conftest2.o conftest.c >&5
configure:8790: $? = 0
configure:8812: result: yes
configure:8820: checking if gcc supports -c -o file.o
configure:8867: result: yes
configure:8900: checking whether the gcc linker (/usr/bin/ld) supports shared libraries
configure:10053: result: yes
configure:10090: checking whether -lc should be explicitly linked in
configure:10098: gcc -c -g -O2  conftest.c >&5
configure:10101: $? = 0
configure:10116: gcc -shared  -fPIC -DPIC conftest.o  -v -Wl,-soname -Wl,conftest -o conftest 2\>\&1 \| /bin/grep  -lc  \>/dev/null 2\>\&1
configure:10119: $? = 0
configure:10133: result: no
configure:10293: checking dynamic linker characteristics
configure:10804: gcc -o conftest -g -O2   -Wl,-rpath -Wl,/foo conftest.c  >&5
configure:10804: $? = 0
configure:11030: result: GNU/Linux ld.so
configure:11137: checking how to hardcode library paths into programs
configure:11162: result: immediate
configure:11702: checking whether stripping libraries is possible
configure:11707: result: yes
configure:11742: checking if libtool supports shared libraries
configure:11744: result: yes
configure:11747: checking whether to build shared libraries
configure:11768: result: yes
configure:11771: checking whether to build static libraries
configure:11775: result: yes
configure:11861: checking for gcc
configure:11888: result: gcc
configure:12117: checking for C compiler version
configure:12126: gcc --version >&5
gcc (Raspbian 4.9.2-10) 4.9.2
Copyright (C) 2014 Free Software Foundation, Inc.
This is free software; see the source for copying conditions.  There is NO
warranty; not even for MERCHANTABILITY or FITNESS FOR A PARTICULAR PURPOSE.

configure:12137: $? = 0
configure:12126: gcc -v >&5
Using built-in specs.
COLLECT_GCC=gcc
COLLECT_LTO_WRAPPER=/usr/lib/gcc/arm-linux-gnueabihf/4.9/lto-wrapper
Target: arm-linux-gnueabihf
Configured with: ../src/configure -v --with-pkgversion='Raspbian 4.9.2-10' --with-bugurl=file:///usr/share/doc/gcc-4.9/README.Bugs --enable-languages=c,c++,java,go,d,fortran,objc,obj-c++ --prefix=/usr --program-suffix=-4.9 --enable-shared --enable-linker-build-id --libexecdir=/usr/lib --without-included-gettext --enable-threads=posix --with-gxx-include-dir=/usr/include/c++/4.9 --libdir=/usr/lib --enable-nls --with-sysroot=/ --enable-clocale=gnu --enable-libstdcxx-debug --enable-libstdcxx-time=yes --enable-gnu-unique-object --disable-libitm --disable-libquadmath --enable-plugin --with-system-zlib --disable-browser-plugin --enable-java-awt=gtk --enable-gtk-cairo --with-java-home=/usr/lib/jvm/java-1.5.0-gcj-4.9-armhf/jre --enable-java-home --with-jvm-root-dir=/usr/lib/jvm/java-1.5.0-gcj-4.9-armhf --with-jvm-jar-dir=/usr/lib/jvm-exports/java-1.5.0-gcj-4.9-armhf --with-arch-directory=arm --with-ecj-jar=/usr/share/java/eclipse-ecj.jar --enable-objc-gc --enable-multiarch --disable-sjlj-exceptions --with-arch=armv6 --with-fpu=vfp --with-float=hard --enable-checking=release --build=arm-linux-gnueabihf --host=arm-linux-gnueabihf --target=arm-linux-gnueabihf
Thread model: posix
gcc version 4.9.2 (Raspbian 4.9.2-10) 
configure:12137: $? = 0
configure:12126: gcc -V >&5
gcc: error: unrecognized command line option '-V'
gcc: fatal error: no input files
compilation terminated.
configure:12137: $? = 4
configure:12126: gcc -qversion >&5
gcc: error: unrecognized command line option '-qversion'
gcc: fatal error: no input files
compilation terminated.
configure:12137: $? = 4
configure:12141: checking whether we are using the GNU C compiler
configure:12169: result: yes
configure:12178: checking whether gcc accepts -g
configure:12239: result: yes
configure:12256: checking for gcc option to accept ISO C89
configure:12332: result: none needed
configure:12357: checking whether gcc understands -c and -o together
configure:12394: result: yes
configure:12413: checking dependency style of gcc
configure:12524: result: gcc3
configure:12541: checking for valac
configure:12559: found /usr/bin/valac
configure:12572: result: /usr/bin/valac
configure:12581: checking whether /usr/bin/valac is at least version 0.24
configure:12589: result: yes
configure:12616: checking for valac
configure:12647: result: /usr/bin/valac
configure:12656: checking whether /usr/bin/valac is at least version 0.27.1
configure:12670: result: no
configure:12751: result: /bin/sed
configure:12758: checking whether NLS is requested
configure:12767: result: yes
configure:12795: checking for intltool-update
configure:12813: found /usr/bin/intltool-update
configure:12825: result: /usr/bin/intltool-update
configure:12835: checking for intltool-merge
configure:12853: found /usr/bin/intltool-merge
configure:12865: result: /usr/bin/intltool-merge
configure:12875: checking for intltool-extract
configure:12893: found /usr/bin/intltool-extract
configure:12905: result: /usr/bin/intltool-extract
configure:13059: checking for xgettext
configure:13077: found /usr/bin/xgettext
configure:13089: result: /usr/bin/xgettext
configure:13099: checking for msgmerge
configure:13117: found /usr/bin/msgmerge
configure:13129: result: /usr/bin/msgmerge
configure:13139: checking for msgfmt
configure:13157: found /usr/bin/msgfmt
configure:13169: result: /usr/bin/msgfmt
configure:13179: checking for gmsgfmt
configure:13210: result: /usr/bin/msgfmt
configure:13230: checking for perl
configure:13248: found /usr/bin/perl
configure:13260: result: /usr/bin/perl
configure:13271: checking for perl >= 5.8.1
configure:13278: result: 5.20.2
configure:13282: checking for XML::Parser
configure:13285: result: ok
configure:13360: checking for pkg-config
configure:13378: found /usr/bin/pkg-config
configure:13390: result: /usr/bin/pkg-config
configure:13415: checking pkg-config is at least version 0.9.0
configure:13418: result: yes
configure:13428: checking for XML
configure:13435: $PKG_CONFIG --exists --print-errors "libxml-2.0 >= 2.9"
configure:13438: $? = 0
configure:13452: $PKG_CONFIG --exists --print-errors "libxml-2.0 >= 2.9"
configure:13455: $? = 0
configure:13513: result: yes
configure:13519: checking for FREETYPE
configure:13526: $PKG_CONFIG --exists --print-errors "freetype2 >= 2.5"
configure:13529: $? = 0
configure:13543: $PKG_CONFIG --exists --print-errors "freetype2 >= 2.5"
configure:13546: $? = 0
configure:13604: result: yes
configure:13610: checking for FONTCONFIG
configure:13617: $PKG_CONFIG --exists --print-errors "fontconfig >= 2.1"
configure:13620: $? = 0
configure:13634: $PKG_CONFIG --exists --print-errors "fontconfig >= 2.1"
configure:13637: $? = 0
configure:13695: result: yes
configure:13701: checking for GOBJECT
configure:13708: $PKG_CONFIG --exists --print-errors "gobject-2.0 >= 2.4"
configure:13711: $? = 0
configure:13725: $PKG_CONFIG --exists --print-errors "gobject-2.0 >= 2.4"
configure:13728: $? = 0
configure:13786: result: yes
configure:13792: checking for GLIB
configure:13799: $PKG_CONFIG --exists --print-errors "glib-2.0 >= 2.4"
configure:13802: $? = 0
configure:13816: $PKG_CONFIG --exists --print-errors "glib-2.0 >= 2.4"
configure:13819: $? = 0
configure:13877: result: yes
configure:13883: checking for JSONGLIB
configure:13890: $PKG_CONFIG --exists --print-errors "json-glib-1.0 >= 0.15"
configure:13893: $? = 0
configure:13907: $PKG_CONFIG --exists --print-errors "json-glib-1.0 >= 0.15"
configure:13910: $? = 0
configure:13968: result: yes
configure:13974: checking for GMODULE
configure:13981: $PKG_CONFIG --exists --print-errors "gmodule-2.0 >= 2.4"
configure:13984: $? = 0
configure:13998: $PKG_CONFIG --exists --print-errors "gmodule-2.0 >= 2.4"
configure:14001: $? = 0
configure:14059: result: yes
configure:14065: checking for GIO
configure:14072: $PKG_CONFIG --exists --print-errors "gio-2.0 >= 2.4"
configure:14075: $? = 0
configure:14089: $PKG_CONFIG --exists --print-errors "gio-2.0 >= 2.4"
configure:14092: $? = 0
configure:14150: result: yes
configure:14156: checking for CAIRO
configure:14163: $PKG_CONFIG --exists --print-errors "cairo >= 1.1"
configure:14166: $? = 0
configure:14180: $PKG_CONFIG --exists --print-errors "cairo >= 1.1"
configure:14183: $? = 0
configure:14241: result: yes
configure:14247: checking for GTK_312
configure:14254: $PKG_CONFIG --exists --print-errors "gtk+-3.0 >= 3.12"
configure:14257: $? = 0
configure:14271: $PKG_CONFIG --exists --print-errors "gtk+-3.0 >= 3.12"
configure:14274: $? = 0
configure:14326: result: yes
configure:14331: checking for GTK_314
configure:14338: $PKG_CONFIG --exists --print-errors "gtk+-3.0 >= 3.14"
configure:14341: $? = 0
configure:14355: $PKG_CONFIG --exists --print-errors "gtk+-3.0 >= 3.14"
configure:14358: $? = 0
configure:14398: result: yes
configure:14405: checking for GTK_316
configure:14412: $PKG_CONFIG --exists --print-errors "gtk+-3.0 >= 3.16"
Requested 'gtk+-3.0 >= 3.16' but version of GTK+ is 3.14.5
configure:14415: $? = 1
configure:14429: $PKG_CONFIG --exists --print-errors "gtk+-3.0 >= 3.16"
Requested 'gtk+-3.0 >= 3.16' but version of GTK+ is 3.14.5
configure:14432: $? = 1
configure:14446: result: no
Requested 'gtk+-3.0 >= 3.16' but version of GTK+ is 3.14.5
configure:14483: checking for PANGO
configure:14490: $PKG_CONFIG --exists --print-errors "pango >= 1.3"
configure:14493: $? = 0
configure:14507: $PKG_CONFIG --exists --print-errors "pango >= 1.3"
configure:14510: $? = 0
configure:14568: result: yes
configure:14574: checking for PANGOCAIRO
configure:14581: $PKG_CONFIG --exists --print-errors "pangocairo >= 1.3"
configure:14584: $? = 0
configure:14598: $PKG_CONFIG --exists --print-errors "pangocairo >= 1.3"
configure:14601: $? = 0
configure:14659: result: yes
configure:14665: checking for PANGOFT2
configure:14672: $PKG_CONFIG --exists --print-errors "pangoft2 >= 1.3"
configure:14675: $? = 0
configure:14689: $PKG_CONFIG --exists --print-errors "pangoft2 >= 1.3"
configure:14692: $? = 0
configure:14750: result: yes
configure:14756: checking for GEE
configure:14763: $PKG_CONFIG --exists --print-errors "gee-0.8 >= 0.14"
configure:14766: $? = 0
configure:14780: $PKG_CONFIG --exists --print-errors "gee-0.8 >= 0.14"
configure:14783: $? = 0
configure:14841: result: yes
configure:14847: checking for GUCHARMAP
configure:14854: $PKG_CONFIG --exists --print-errors "gucharmap-2.90 >= 3.12"
configure:14857: $? = 0
configure:14871: $PKG_CONFIG --exists --print-errors "gucharmap-2.90 >= 3.12"
configure:14874: $? = 0
configure:14932: result: yes
configure:14938: checking for SQLITE3
configure:14945: $PKG_CONFIG --exists --print-errors "sqlite3 >= 3.8"
configure:14948: $? = 0
configure:14962: $PKG_CONFIG --exists --print-errors "sqlite3 >= 3.8"
configure:14965: $? = 0
configure:15023: result: yes
configure:15031: checking locale.h usability
configure:15031: gcc -c -g -O2  conftest.c >&5
configure:15031: $? = 0
configure:15031: result: yes
configure:15031: checking locale.h presence
configure:15031: gcc -E  conftest.c
configure:15031: $? = 0
configure:15031: result: yes
configure:15031: checking for locale.h
configure:15031: result: yes
configure:15042: checking for LC_MESSAGES
configure:15058: gcc -o conftest -g -O2   conftest.c  >&5
configure:15058: $? = 0
configure:15066: result: yes
configure:15083: checking libintl.h usability
configure:15083: gcc -c -g -O2  conftest.c >&5
configure:15083: $? = 0
configure:15083: result: yes
configure:15083: checking libintl.h presence
configure:15083: gcc -E  conftest.c
configure:15083: $? = 0
configure:15083: result: yes
configure:15083: checking for libintl.h
configure:15083: result: yes
configure:15091: checking for ngettext in libc
configure:15109: gcc -o conftest -g -O2   conftest.c  >&5
configure:15109: $? = 0
configure:15118: result: yes
configure:15122: checking for dgettext in libc
configure:15140: gcc -o conftest -g -O2   conftest.c  >&5
configure:15140: $? = 0
configure:15149: result: yes
configure:15156: checking for bind_textdomain_codeset
configure:15156: gcc -o conftest -g -O2   conftest.c  >&5
configure:15156: $? = 0
configure:15156: result: yes
configure:15432: checking for msgfmt
configure:15459: result: /usr/bin/msgfmt
configure:15470: checking for dcgettext
configure:15470: gcc -o conftest -g -O2   conftest.c   >&5
conftest.c:51:6: warning: conflicting types for built-in function 'dcgettext'
 char dcgettext ();
      ^
configure:15470: $? = 0
configure:15470: result: yes
configure:15480: checking if msgfmt accepts -c
configure:15495: $MSGFMT -c -o /dev/null conftest.foo
conftest.foo:3: warning: header field 'Language' missing in header
configure:15498: $? = 0
configure:15500: result: yes
configure:15510: checking for gmsgfmt
configure:15541: result: /usr/bin/msgfmt
configure:15551: checking for xgettext
configure:15578: result: /usr/bin/xgettext
configure:15597: gcc -o conftest -g -O2   conftest.c   >&5
configure:15597: $? = 0
configure:15803: checking for pkg-config
configure:15833: result: /usr/bin/pkg-config
configure:15858: checking pkg-config is at least version 0.16
configure:15861: result: yes
configure:15972: checking for yelp-build
configure:15988: found /usr/bin/yelp-build
configure:15999: result: yes
configure:16055: checking for itstool
configure:16071: found /usr/bin/itstool
configure:16082: result: itstool
configure:16097: checking for xmllint
configure:16113: found /usr/bin/xmllint
configure:16124: result: xmllint
configure:16311: checking for file-roller
configure:16327: found /usr/bin/file-roller
configure:16338: result: yes
configure:16995: checking that generated files are newer than configure
configure:17001: result: done
configure:17060: creating ./config.status

## ---------------------- ##
## Running config.status. ##
## ---------------------- ##

This file was extended by font-manager config.status 0.7.2, which was
generated by GNU Autoconf 2.69.  Invocation command line was

  CONFIG_FILES    = 
  CONFIG_HEADERS  = 
  CONFIG_LINKS    = 
  CONFIG_COMMANDS = 
  $ ./config.status 

on gluon3

config.status:1378: creating Makefile
config.status:1378: creating extensions/Makefile
config.status:1378: creating help/Makefile
config.status:1378: creating po/Makefile.in
config.status:1378: creating resources/Makefile
config.status:1378: creating src/Makefile
config.status:1550: executing depfiles commands
config.status:1550: executing libtool commands
config.status:1550: executing default-1 commands
config.status:1550: executing po/stamp-it commands

## ---------------- ##
## Cache variables. ##
## ---------------- ##

ac_cv_build=armv7l-unknown-linux-gnueabihf
ac_cv_c_compiler_gnu=yes
ac_cv_env_CAIRO_CFLAGS_set=
ac_cv_env_CAIRO_CFLAGS_value=
ac_cv_env_CAIRO_LIBS_set=
ac_cv_env_CAIRO_LIBS_value=
ac_cv_env_CC_set=
ac_cv_env_CC_value=
ac_cv_env_CFLAGS_set=
ac_cv_env_CFLAGS_value=
ac_cv_env_CPPFLAGS_set=
ac_cv_env_CPPFLAGS_value=
ac_cv_env_CPP_set=
ac_cv_env_CPP_value=
ac_cv_env_FONTCONFIG_CFLAGS_set=
ac_cv_env_FONTCONFIG_CFLAGS_value=
ac_cv_env_FONTCONFIG_LIBS_set=
ac_cv_env_FONTCONFIG_LIBS_value=
ac_cv_env_FREETYPE_CFLAGS_set=
ac_cv_env_FREETYPE_CFLAGS_value=
ac_cv_env_FREETYPE_LIBS_set=
ac_cv_env_FREETYPE_LIBS_value=
ac_cv_env_GEE_CFLAGS_set=
ac_cv_env_GEE_CFLAGS_value=
ac_cv_env_GEE_LIBS_set=
ac_cv_env_GEE_LIBS_value=
ac_cv_env_GIO_CFLAGS_set=
ac_cv_env_GIO_CFLAGS_value=
ac_cv_env_GIO_LIBS_set=
ac_cv_env_GIO_LIBS_value=
ac_cv_env_GLIB_CFLAGS_set=
ac_cv_env_GLIB_CFLAGS_value=
ac_cv_env_GLIB_LIBS_set=
ac_cv_env_GLIB_LIBS_value=
ac_cv_env_GMODULE_CFLAGS_set=
ac_cv_env_GMODULE_CFLAGS_value=
ac_cv_env_GMODULE_LIBS_set=
ac_cv_env_GMODULE_LIBS_value=
ac_cv_env_GOBJECT_CFLAGS_set=
ac_cv_env_GOBJECT_CFLAGS_value=
ac_cv_env_GOBJECT_LIBS_set=
ac_cv_env_GOBJECT_LIBS_value=
ac_cv_env_GTK_312_CFLAGS_set=
ac_cv_env_GTK_312_CFLAGS_value=
ac_cv_env_GTK_312_LIBS_set=
ac_cv_env_GTK_312_LIBS_value=
ac_cv_env_GTK_314_CFLAGS_set=
ac_cv_env_GTK_314_CFLAGS_value=
ac_cv_env_GTK_314_LIBS_set=
ac_cv_env_GTK_314_LIBS_value=
ac_cv_env_GTK_316_CFLAGS_set=
ac_cv_env_GTK_316_CFLAGS_value=
ac_cv_env_GTK_316_LIBS_set=
ac_cv_env_GTK_316_LIBS_value=
ac_cv_env_GUCHARMAP_CFLAGS_set=
ac_cv_env_GUCHARMAP_CFLAGS_value=
ac_cv_env_GUCHARMAP_LIBS_set=
ac_cv_env_GUCHARMAP_LIBS_value=
ac_cv_env_ITSTOOL_set=
ac_cv_env_ITSTOOL_value=
ac_cv_env_JSONGLIB_CFLAGS_set=
ac_cv_env_JSONGLIB_CFLAGS_value=
ac_cv_env_JSONGLIB_LIBS_set=
ac_cv_env_JSONGLIB_LIBS_value=
ac_cv_env_LDFLAGS_set=
ac_cv_env_LDFLAGS_value=
ac_cv_env_LIBS_set=
ac_cv_env_LIBS_value=
ac_cv_env_NAUTILUS_PYTHON_CFLAGS_set=
ac_cv_env_NAUTILUS_PYTHON_CFLAGS_value=
ac_cv_env_NAUTILUS_PYTHON_LIBS_set=
ac_cv_env_NAUTILUS_PYTHON_LIBS_value=
ac_cv_env_NEMO_PYTHON_CFLAGS_set=
ac_cv_env_NEMO_PYTHON_CFLAGS_value=
ac_cv_env_NEMO_PYTHON_LIBS_set=
ac_cv_env_NEMO_PYTHON_LIBS_value=
ac_cv_env_PANGOCAIRO_CFLAGS_set=
ac_cv_env_PANGOCAIRO_CFLAGS_value=
ac_cv_env_PANGOCAIRO_LIBS_set=
ac_cv_env_PANGOCAIRO_LIBS_value=
ac_cv_env_PANGOFT2_CFLAGS_set=
ac_cv_env_PANGOFT2_CFLAGS_value=
ac_cv_env_PANGOFT2_LIBS_set=
ac_cv_env_PANGOFT2_LIBS_value=
ac_cv_env_PANGO_CFLAGS_set=
ac_cv_env_PANGO_CFLAGS_value=
ac_cv_env_PANGO_LIBS_set=
ac_cv_env_PANGO_LIBS_value=
ac_cv_env_PKG_CONFIG_LIBDIR_set=
ac_cv_env_PKG_CONFIG_LIBDIR_value=
ac_cv_env_PKG_CONFIG_PATH_set=
ac_cv_env_PKG_CONFIG_PATH_value=
ac_cv_env_PKG_CONFIG_set=
ac_cv_env_PKG_CONFIG_value=
ac_cv_env_PYTHON_set=
ac_cv_env_PYTHON_value=
ac_cv_env_SQLITE3_CFLAGS_set=
ac_cv_env_SQLITE3_CFLAGS_value=
ac_cv_env_SQLITE3_LIBS_set=
ac_cv_env_SQLITE3_LIBS_value=
ac_cv_env_XMLLINT_set=
ac_cv_env_XMLLINT_value=
ac_cv_env_XML_CFLAGS_set=
ac_cv_env_XML_CFLAGS_value=
ac_cv_env_XML_LIBS_set=
ac_cv_env_XML_LIBS_value=
ac_cv_env_build_alias_set=
ac_cv_env_build_alias_value=
ac_cv_env_host_alias_set=
ac_cv_env_host_alias_value=
ac_cv_env_target_alias_set=
ac_cv_env_target_alias_value=
ac_cv_func_bind_textdomain_codeset=yes
ac_cv_func_dcgettext=yes
ac_cv_header_dlfcn_h=yes
ac_cv_header_inttypes_h=yes
ac_cv_header_libintl_h=yes
ac_cv_header_locale_h=yes
ac_cv_header_memory_h=yes
ac_cv_header_stdc=yes
ac_cv_header_stdint_h=yes
ac_cv_header_stdlib_h=yes
ac_cv_header_string_h=yes
ac_cv_header_strings_h=yes
ac_cv_header_sys_stat_h=yes
ac_cv_header_sys_types_h=yes
ac_cv_header_unistd_h=yes
ac_cv_host=armv7l-unknown-linux-gnueabihf
ac_cv_objext=o
ac_cv_path_EGREP='/bin/grep -E'
ac_cv_path_FGREP='/bin/grep -F'
ac_cv_path_GMSGFMT=/usr/bin/msgfmt
ac_cv_path_GREP=/bin/grep
ac_cv_path_INTLTOOL_EXTRACT=/usr/bin/intltool-extract
ac_cv_path_INTLTOOL_MERGE=/usr/bin/intltool-merge
ac_cv_path_INTLTOOL_PERL=/usr/bin/perl
ac_cv_path_INTLTOOL_UPDATE=/usr/bin/intltool-update
ac_cv_path_MSGFMT=/usr/bin/msgfmt
ac_cv_path_MSGMERGE=/usr/bin/msgmerge
ac_cv_path_SED=/bin/sed
ac_cv_path_VALAC=/usr/bin/valac
ac_cv_path_XGETTEXT=/usr/bin/xgettext
ac_cv_path_ac_pt_PKG_CONFIG=/usr/bin/pkg-config
ac_cv_path_install='/usr/bin/install -c'
ac_cv_path_mkdir=/bin/mkdir
ac_cv_prog_AWK=mawk
ac_cv_prog_CPP='gcc -E'
ac_cv_prog_HAVE_FILE_ROLLER=yes
ac_cv_prog_ITSTOOL=itstool
ac_cv_prog_XMLLINT=xmllint
ac_cv_prog_YELP_TOOLS=yes
ac_cv_prog_ac_ct_AR=ar
ac_cv_prog_ac_ct_CC=gcc
ac_cv_prog_ac_ct_MANIFEST_TOOL=mt
ac_cv_prog_ac_ct_OBJDUMP=objdump
ac_cv_prog_ac_ct_RANLIB=ranlib
ac_cv_prog_ac_ct_STRIP=strip
ac_cv_prog_cc_c89=
ac_cv_prog_cc_g=yes
ac_cv_prog_make_make_set=yes
am_cv_CC_dependencies_compiler_type=gcc3
am_cv_make_support_nested_variables=yes
am_cv_prog_cc_c_o=yes
am_cv_val_LC_MESSAGES=yes
gt_cv_func_dgettext_libc=yes
gt_cv_func_dgettext_libintl=no
gt_cv_func_ngettext_libc=yes
gt_cv_have_gettext=yes
lt_cv_ar_at_file=@
lt_cv_archive_cmds_need_lc=no
lt_cv_deplibs_check_method=pass_all
lt_cv_file_magic_cmd='$MAGIC_CMD'
lt_cv_file_magic_test_file=
lt_cv_ld_reload_flag=-r
lt_cv_nm_interface='BSD nm'
lt_cv_objdir=.libs
lt_cv_path_LD=/usr/bin/ld
lt_cv_path_NM='/usr/bin/nm -B'
lt_cv_path_mainfest_tool=no
lt_cv_prog_compiler_c_o=yes
lt_cv_prog_compiler_pic='-fPIC -DPIC'
lt_cv_prog_compiler_pic_works=yes
lt_cv_prog_compiler_rtti_exceptions=no
lt_cv_prog_compiler_static_works=yes
lt_cv_prog_gnu_ld=yes
lt_cv_sharedlib_from_linklib_cmd='printf %s\n'
lt_cv_shlibpath_overrides_runpath=no
lt_cv_sys_global_symbol_pipe='sed -n -e '\''s/^.*[	 ]\([ABCDGIRSTW][ABCDGIRSTW]*\)[	 ][	 ]*\([_A-Za-z][_A-Za-z0-9]*\)$/\1 \2 \2/p'\'' | sed '\''/ __gnu_lto/d'\'''
lt_cv_sys_global_symbol_to_c_name_address='sed -n -e '\''s/^: \([^ ]*\)[ ]*$/  {\"\1\", (void *) 0},/p'\'' -e '\''s/^[ABCDGIRSTW]* \([^ ]*\) \([^ ]*\)$/  {"\2", (void *) \&\2},/p'\'''
lt_cv_sys_global_symbol_to_c_name_address_lib_prefix='sed -n -e '\''s/^: \([^ ]*\)[ ]*$/  {\"\1\", (void *) 0},/p'\'' -e '\''s/^[ABCDGIRSTW]* \([^ ]*\) \(lib[^ ]*\)$/  {"\2", (void *) \&\2},/p'\'' -e '\''s/^[ABCDGIRSTW]* \([^ ]*\) \([^ ]*\)$/  {"lib\2", (void *) \&\2},/p'\'''
lt_cv_sys_global_symbol_to_cdecl='sed -n -e '\''s/^T .* \(.*\)$/extern int \1();/p'\'' -e '\''s/^[ABCDGIRSTW]* .* \(.*\)$/extern char \1;/p'\'''
lt_cv_sys_max_cmd_len=1572864
lt_cv_to_host_file_cmd=func_convert_file_noop
lt_cv_to_tool_file_cmd=func_convert_file_noop
pkg_cv_CAIRO_CFLAGS='-I/usr/include/cairo -I/usr/include/glib-2.0 -I/usr/lib/arm-linux-gnueabihf/glib-2.0/include -I/usr/include/pixman-1 -I/usr/include/freetype2 -I/usr/include/libpng12 '
pkg_cv_CAIRO_LIBS='-lcairo '
pkg_cv_FONTCONFIG_CFLAGS='-I/usr/include/freetype2 '
pkg_cv_FONTCONFIG_LIBS='-lfontconfig -lfreetype '
pkg_cv_FREETYPE_CFLAGS='-I/usr/include/freetype2 '
pkg_cv_FREETYPE_LIBS='-lfreetype '
pkg_cv_GEE_CFLAGS='-I/usr/include/gee-0.8 -I/usr/include/glib-2.0 -I/usr/lib/arm-linux-gnueabihf/glib-2.0/include '
pkg_cv_GEE_LIBS='-lgee-0.8 -lgobject-2.0 -lglib-2.0 '
pkg_cv_GIO_CFLAGS='-pthread -I/usr/include/glib-2.0 -I/usr/lib/arm-linux-gnueabihf/glib-2.0/include '
pkg_cv_GIO_LIBS='-lgio-2.0 -lgobject-2.0 -lglib-2.0 '
pkg_cv_GLIB_CFLAGS='-I/usr/include/glib-2.0 -I/usr/lib/arm-linux-gnueabihf/glib-2.0/include '
pkg_cv_GLIB_LIBS='-lglib-2.0 '
pkg_cv_GMODULE_CFLAGS='-pthread -I/usr/include/glib-2.0 -I/usr/lib/arm-linux-gnueabihf/glib-2.0/include '
pkg_cv_GMODULE_LIBS='-Wl,--export-dynamic -lgmodule-2.0 -pthread -lglib-2.0 '
pkg_cv_GOBJECT_CFLAGS='-I/usr/include/glib-2.0 -I/usr/lib/arm-linux-gnueabihf/glib-2.0/include '
pkg_cv_GOBJECT_LIBS='-lgobject-2.0 -lglib-2.0 '
pkg_cv_GTK_312_CFLAGS='-pthread -I/usr/include/gtk-3.0 -I/usr/include/at-spi2-atk/2.0 -I/usr/include/at-spi-2.0 -I/usr/include/dbus-1.0 -I/usr/lib/arm-linux-gnueabihf/dbus-1.0/include -I/usr/include/gtk-3.0 -I/usr/include/gio-unix-2.0/ -I/usr/include/cairo -I/usr/include/pango-1.0 -I/usr/include/harfbuzz -I/usr/include/pango-1.0 -I/usr/include/atk-1.0 -I/usr/include/cairo -I/usr/include/pixman-1 -I/usr/include/freetype2 -I/usr/include/libpng12 -I/usr/include/gdk-pixbuf-2.0 -I/usr/include/libpng12 -I/usr/include/glib-2.0 -I/usr/lib/arm-linux-gnueabihf/glib-2.0/include '
pkg_cv_GTK_312_LIBS='-lgtk-3 -lgdk-3 -lpangocairo-1.0 -lpango-1.0 -latk-1.0 -lcairo-gobject -lcairo -lgdk_pixbuf-2.0 -lgio-2.0 -lgobject-2.0 -lglib-2.0 '
pkg_cv_GTK_314_CFLAGS='-pthread -I/usr/include/gtk-3.0 -I/usr/include/at-spi2-atk/2.0 -I/usr/include/at-spi-2.0 -I/usr/include/dbus-1.0 -I/usr/lib/arm-linux-gnueabihf/dbus-1.0/include -I/usr/include/gtk-3.0 -I/usr/include/gio-unix-2.0/ -I/usr/include/cairo -I/usr/include/pango-1.0 -I/usr/include/harfbuzz -I/usr/include/pango-1.0 -I/usr/include/atk-1.0 -I/usr/include/cairo -I/usr/include/pixman-1 -I/usr/include/freetype2 -I/usr/include/libpng12 -I/usr/include/gdk-pixbuf-2.0 -I/usr/include/libpng12 -I/usr/include/glib-2.0 -I/usr/lib/arm-linux-gnueabihf/glib-2.0/include '
pkg_cv_GTK_314_LIBS='-lgtk-3 -lgdk-3 -lpangocairo-1.0 -lpango-1.0 -latk-1.0 -lcairo-gobject -lcairo -lgdk_pixbuf-2.0 -lgio-2.0 -lgobject-2.0 -lglib-2.0 '
pkg_cv_GUCHARMAP_CFLAGS='-pthread -I/usr/include/gtk-3.0 -I/usr/include/at-spi2-atk/2.0 -I/usr/include/at-spi-2.0 -I/usr/include/dbus-1.0 -I/usr/lib/arm-linux-gnueabihf/dbus-1.0/include -I/usr/include/gtk-3.0 -I/usr/include/gio-unix-2.0/ -I/usr/include/cairo -I/usr/include/pango-1.0 -I/usr/include/harfbuzz -I/usr/include/pango-1.0 -I/usr/include/atk-1.0 -I/usr/include/cairo -I/usr/include/pixman-1 -I/usr/include/freetype2 -I/usr/include/libpng12 -I/usr/include/gdk-pixbuf-2.0 -I/usr/include/libpng12 -I/usr/include/glib-2.0 -I/usr/lib/arm-linux-gnueabihf/glib-2.0/include -I/usr/include/gucharmap-2.90 '
pkg_cv_GUCHARMAP_LIBS='-lgucharmap_2_90 -lgtk-3 -lgdk-3 -lpangocairo-1.0 -lpango-1.0 -latk-1.0 -lcairo-gobject -lcairo -lgdk_pixbuf-2.0 -lgio-2.0 -lgobject-2.0 -lglib-2.0 '
pkg_cv_JSONGLIB_CFLAGS='-pthread -I/usr/include/json-glib-1.0 -I/usr/include/glib-2.0 -I/usr/lib/arm-linux-gnueabihf/glib-2.0/include '
pkg_cv_JSONGLIB_LIBS='-ljson-glib-1.0 -lgio-2.0 -lgobject-2.0 -lglib-2.0 '
pkg_cv_PANGOCAIRO_CFLAGS='-pthread -I/usr/include/pango-1.0 -I/usr/include/cairo -I/usr/include/glib-2.0 -I/usr/lib/arm-linux-gnueabihf/glib-2.0/include -I/usr/include/pixman-1 -I/usr/include/freetype2 -I/usr/include/libpng12 '
pkg_cv_PANGOCAIRO_LIBS='-lpangocairo-1.0 -lpango-1.0 -lgobject-2.0 -lglib-2.0 -lcairo '
pkg_cv_PANGOFT2_CFLAGS='-pthread -I/usr/include/pango-1.0 -I/usr/include/harfbuzz -I/usr/include/pango-1.0 -I/usr/include/glib-2.0 -I/usr/lib/arm-linux-gnueabihf/glib-2.0/include -I/usr/include/freetype2 '
pkg_cv_PANGOFT2_LIBS='-lpangoft2-1.0 -lpango-1.0 -lgobject-2.0 -lglib-2.0 -lfontconfig -lfreetype '
pkg_cv_PANGO_CFLAGS='-pthread -I/usr/include/pango-1.0 -I/usr/include/glib-2.0 -I/usr/lib/arm-linux-gnueabihf/glib-2.0/include '
pkg_cv_PANGO_LIBS='-lpango-1.0 -lgobject-2.0 -lglib-2.0 '
pkg_cv_SQLITE3_CFLAGS=
pkg_cv_SQLITE3_LIBS='-lsqlite3 '
pkg_cv_XML_CFLAGS='-I/usr/include/libxml2 '
pkg_cv_XML_LIBS='-lxml2 '

## ----------------- ##
## Output variables. ##
## ----------------- ##

























		$(INSTALL_DATA) $^ "$(DESTDIR)$(gsettingsschemadir)"; \
		test -n "$(GSETTINGS_DISABLE_SCHEMAS_COMPILE)$(DESTDIR)" || $(GLIB_COMPILE_SCHEMAS) $(gsettingsschemadir); \
		test -z "$(gsettingsschemadir)" || $(MKDIR_P) "$(DESTDIR)$(gsettingsschemadir)"; \
	        $(LN_S) -f "$(HELP_DIR)/C/$(HELP_ID)/$$f" "$$helpdir$$f" || exit 1; \
	        echo "$(LN_S) -f $(HELP_DIR)/C/$(HELP_ID)/$$f $$helpdir$$f"; \
	      $(INSTALL_DATA) "$$d$$lc/$$f" "$$helpdir$$f" || exit 1; \
	      echo "$(INSTALL_DATA) $$d$$lc/$$f $$helpdir$$f"; \
	      fi; \
	      if test "x$(YELP_LC_MEDIA_LINKS)" != "x"; then \
	    $(ITSTOOL) -o "$(notdir $@).tmp" $(_HELP_C_FILES) && \
	    $(ITSTOOL) -o "$(notdir $@).tmp" $(_HELP_C_FILES) && \
	    $(XMLLINT) --noout --noent --path "$$xmlpath" --xinclude "$$d$$lc/$$page"; \
	    cp -p "$$d$$lc/$$file" "$(distdir)/$$lc/" || exit 1; \
	    d="$(srcdir)/"; \
	    echo "$(XMLLINT) --noout --noent --path $$xmlpath --xinclude $$d$$lc/$$page"; \
	    echo "rm -f $$helpdir$$f"; \
	    elif test "x$$lc" != "xC"; then \
	    fi; \
	    helpdir="$(DESTDIR)$(HELP_DIR)/$$lc/$(HELP_ID)/"; \
	    helpdir="$(DESTDIR)$(HELP_DIR)/$$lc/$(HELP_ID)/"; \
	    if ! test -d "$$helpdir$$mdir"; then $(mkinstalldirs) "$$helpdir$$mdir"; fi; \
	    if test "x$mdir" = "x."; then mdir=""; fi; \
	    if test -f "$$d$$lc/$$f"; then \
	    if test -f "$$lc$$f"; then d=; else d="$(srcdir)/"; fi; \
	    if test -f "$$lc/$$file"; then d=./; else d=$(srcdir)/; fi; \
	    mdir=`dirname "$$f"`; \
	    msgmerge -o "$(notdir $@)" "$(notdir $@)" "$(notdir $@).tmp" && \
	    mv "$(notdir $@).tmp" "$(notdir $@)"); \
	    rm "$(notdir $@).tmp"); \
	    rm -f "$$helpdir$$f"; \
	    then d=; \
	    xmlpath="$$lc"; \
	    xmlpath="$$lc:$(srcdir)/$$lc"; \
	  $(INSTALL_DATA) "$$d$$f" "$$helpdir`basename $$f`" || exit 1; \
	  $(INSTALL_DATA) "$$d$$lc/$$f" "$$helpdir`basename $$f`" || exit 1; \
	  $(MKDIR_P) "$(distdir)/$$lc"; \
	  $(mkinstalldirs) "$(DESTDIR)$(HELP_DIR)/$$lc/$(HELP_ID)" || exit 1; \
	  (cd "$(dir $@)" && \
	  (cd "$(dir $@)" && \
	  done; \
	  done; \
	  done; \
	  done; \
	  echo "$(INSTALL_DATA) $$d$$f $$helpdir`basename $$f`"; \
	  echo "$(INSTALL_DATA) $$d$$lc/$$f $$helpdir`basename $$f`"; \
	  echo "rm -f $$helpdir`basename $$f`"; \
	  echo "rm -f $$helpdir`basename $$f`"; \
	  else \
	  fi; \
	  for file in $(HELP_FILES); do \
	  for lc in C $(_HELP_LINGUAS); do \
	  for lc in C $(_HELP_LINGUAS); do \
	  for page in $(HELP_FILES); do \
	  helpdir="$(DESTDIR)$(HELP_DIR)/$$lc/$(HELP_ID)/"; \
	  helpdir="$(DESTDIR)$(HELP_DIR)/$$lc/$(HELP_ID)/"; \
	  helpdir="$(DESTDIR)$(HELP_DIR)/$$lc/$(HELP_ID)/"; \
	  helpdir="$(DESTDIR)$(HELP_DIR)/$$lc/$(HELP_ID)/"; \
	  if ! test -d "$$helpdir"; then $(mkinstalldirs) "$$helpdir"; fi; \
	  if ! test -d "$$helpdir"; then $(mkinstalldirs) "$$helpdir"; fi; \
	  if test "x$(_HELP_V)" = "x0"; then echo "  GEN    $${po}"; fi; \
	  if test -d "$$lc"; \
	  if test -f "$$f"; then d=; else d="$(srcdir)/"; fi; \
	  if test -f "$$lc/$$f"; then d=; else d="$(srcdir)/"; fi; \
	  lc=`dirname "$$f"`; lc=`basename "$$lc"`; \
	  lc=`dirname "$$f"`; lc=`basename "$$lc"`; \
	  msgmerge -q -o "$${po}" "$${po}" "$(_HELP_POTFILE)"; \
	  rm -f "$$helpdir`basename $$f`"; \
	  rm -f "$$helpdir`basename $$f`"; \
	$(AM_V_GEN) $(GLIB_COMPILE_SCHEMAS) --strict --dry-run $(addprefix --schema-file=,$(gsettings__enum_file)) --schema-file=$< && mkdir -p $(@D) && touch $@
	$(AM_V_GEN) glib-mkenums --comments '\''<!-- @comment@ -->'\'' --fhead "<schemalist>" --vhead "  <@type@ id='\''$(gsettings_ENUM_NAMESPACE).@EnumName@'\''>" --vprod "    <value nick='\''@valuenick@'\'' value='\''@valuenum@'\''/>" --vtail "  </@type@>" --ftail "</schemalist>" $^ > $@.tmp && mv $@.tmp $@
	$(AM_V_GEN)if ! test -f "$@"; then \
	$(AM_V_GEN)if test -d "C"; then d=; else d="$(srcdir)/"; fi; \
	$(AM_V_GEN)msgfmt -o "$@" "$<"
	$(AM_V_at)for po in $(_HELP_POFILES); do \
	$(AM_V_at)if ! test -d "$(dir $@)"; then mkdir "$(dir $@)"; fi
	$(AM_V_at)if ! test -d "$(dir $@)"; then mkdir "$(dir $@)"; fi
	$(AM_V_at)if ! test -d "$(dir $@)"; then mkdir "$(dir $@)"; fi
	$(AM_V_at)if test ! -f "$@" -a -f "$(srcdir)/$@"; then cp "$(srcdir)/$@" "$@"; fi
	$(ITSTOOL) -o "$@" $(foreach f,$(_HELP_C_FILES),"$${d}$(f)")
	$(_HELP_LC_VERBOSE)if test -d "C"; then d="../"; else d="$(abs_srcdir)/"; fi; \
	(cd "$(dir $@)" && $(ITSTOOL) -m "$${mo}" $(foreach f,$(_HELP_C_FILES),$${d}/$(f))) && \
	@$(NORMAL_INSTALL)
	@$(NORMAL_UNINSTALL)
	@for f in $(HELP_MEDIA); do \
	@for f in $(HELP_MEDIA); do \
	@for f in $(_HELP_C_EXTRA); do \
	@for f in $(_HELP_C_EXTRA); do \
	@for lc in C $(_HELP_LINGUAS); do \
	@for lc in C $(_HELP_LINGUAS); do for f in $(HELP_FILES); do \
	@for lc in C $(if $(YELP_LC_DIST),$(HELP_LINGUAS)) ; do \
	@list='\''$(gsettings_SCHEMAS) $(gsettings__enum_file)'\''; test -n "$(gsettingsschemadir)" || list=; \
	cd "$(DESTDIR)$(gsettingsschemadir)" && rm -f $$files
	done
	done
	done
	done
	done
	done
	done;
	done; \
	done; done
	done; done
	echo " ( cd '\''$(DESTDIR)$(gsettingsschemadir)'\'' && rm -f" $$files ")"; \
	else \
	fi
	fi
	files=`for p in $$list; do echo $$p; done | sed -e '\''s|^.*/||'\''`; \
	for lc in C $(_HELP_LINGUAS); do \
	for lc in C $(_HELP_LINGUAS); do for f in $(HELP_FILES); do \
	if test -f "$${mo}"; then mo="../$${mo}"; else mo="$(abs_srcdir)/$${mo}"; fi; \
	if test -n "$^"; then \
	mo="$(dir $@)$(patsubst %/$(notdir $@),%,$@).mo"; \
	rm -f $(_HELP_LC_FILES) $(_HELP_LC_STAMPS) $(_HELP_MOFILES)
	rm -f $(gsettings_SCHEMAS:.xml=.valid) $(gsettings__enum_file)
	test -n "$$files" || exit 0; \
	test -n "$(GSETTINGS_DISABLE_SCHEMAS_COMPILE)$(DESTDIR)" || $(GLIB_COMPILE_SCHEMAS) $(gsettingsschemadir)
	touch "$@"
$(_HELP_LC_FILES): $(_HELP_LINGUAS)
$(_HELP_LC_STAMPS): $(_HELP_C_FILES) $(_HELP_C_EXTRA)
$(_HELP_LC_STAMPS): %.stamp: %.mo
$(_HELP_LINGUAS): $(_HELP_LC_STAMPS)
$(_HELP_MOFILES): %.mo: %.po
$(_HELP_POFILES):
$(_HELP_POTFILE): $(_HELP_C_FILES) $(_HELP_C_EXTRA) $(_HELP_C_MEDIA)
$(gsettings__enum_file): $(gsettings_ENUM_FILES)
%.gschema.valid: %.gschema.xml $(gsettings__enum_file)
'
.PHONY : uninstall-gsettings-schemas install-gsettings-schemas clean-gsettings-schemas
.PHONY: check-help
.PHONY: clean-help
.PHONY: install-help
.PHONY: pot
.PHONY: repo
.PHONY: uninstall-help
.SECONDARY: $(gsettings_SCHEMAS)
ACLOCAL='${SHELL} /home/pi/font-manager-0.7.2/missing aclocal-1.15'
ACLOCAL_AMFLAGS='-I  ${ACLOCAL_FLAGS}'
ALL_LINGUAS=''
AMDEPBACKSLASH='\'
AMDEP_FALSE='#'
AMDEP_TRUE=''
AMTAR='$${TAR-tar}'
AM_BACKSLASH='\'
AM_DEFAULT_V='$(AM_DEFAULT_VERBOSITY)'
AM_DEFAULT_VERBOSITY='0'
AM_V='$(V)'
AR='ar'
AUTOCONF='${SHELL} /home/pi/font-manager-0.7.2/missing autoconf'
AUTOHEADER='${SHELL} /home/pi/font-manager-0.7.2/missing autoheader'
AUTOMAKE='${SHELL} /home/pi/font-manager-0.7.2/missing automake-1.15'
AWK='mawk'
CAIRO_CFLAGS='-I/usr/include/cairo -I/usr/include/glib-2.0 -I/usr/lib/arm-linux-gnueabihf/glib-2.0/include -I/usr/include/pixman-1 -I/usr/include/freetype2 -I/usr/include/libpng12 '
CAIRO_LIBS='-lcairo '
CATALOGS=''
CATOBJEXT='.gmo'
CC='gcc'
CCDEPMODE='depmode=gcc3'
CFLAGS='-g -O2'
COMPILE_PYTHON_EXTENSIONS_FALSE=''
COMPILE_PYTHON_EXTENSIONS_TRUE='#'
CPP='gcc -E'
CPPFLAGS=''
CYGPATH_W='echo'
DATADIRNAME='share'
DEFS='-DPACKAGE_NAME=\"font-manager\" -DPACKAGE_TARNAME=\"font-manager\" -DPACKAGE_VERSION=\"0.7.2\" -DPACKAGE_STRING=\"font-manager\ 0.7.2\" -DPACKAGE_BUGREPORT=\"https://code.google.com/p/font-manager/issues/list\" -DPACKAGE_URL=\"\" -DPACKAGE=\"font-manager\" -DVERSION=\"0.7.2\" -DSTDC_HEADERS=1 -DHAVE_SYS_TYPES_H=1 -DHAVE_SYS_STAT_H=1 -DHAVE_STDLIB_H=1 -DHAVE_STRING_H=1 -DHAVE_MEMORY_H=1 -DHAVE_STRINGS_H=1 -DHAVE_INTTYPES_H=1 -DHAVE_STDINT_H=1 -DHAVE_UNISTD_H=1 -DHAVE_DLFCN_H=1 -DLT_OBJDIR=\".libs/\" -DGETTEXT_PACKAGE=\"font-manager\" -DHAVE_LOCALE_H=1 -DHAVE_LC_MESSAGES=1 -DHAVE_BIND_TEXTDOMAIN_CODESET=1 -DHAVE_GETTEXT=1 -DHAVE_DCGETTEXT=1 -DENABLE_NLS=1'
DEPDIR='.deps'
DLLTOOL='false'
DSYMUTIL=''
DUMPBIN=''
ECHO_C=''
ECHO_N='-n'
ECHO_T=''
EGREP='/bin/grep -E'
EXEEXT=''
EXTRA_DIST += $(_HELP_C_EXTRA) $(_HELP_C_MEDIA)
EXTRA_DIST += $(foreach f,$(HELP_MEDIA),$(foreach lc,$(HELP_LINGUAS),$(wildcard $(lc)/$(f))))
EXTRA_DIST += $(foreach lc,$(HELP_LINGUAS),$(lc)/$(lc).po)
EXTRA_DIST += $(if $(YELP_LC_DIST),$(foreach lc,$(HELP_LINGUAS),$(lc)/$(lc).stamp))
EXTRA_DIST ?=
FGREP='/bin/grep -F'
FONTCONFIG_CFLAGS='-I/usr/include/freetype2 '
FONTCONFIG_LIBS='-lfontconfig -lfreetype '
FREETYPE_CFLAGS='-I/usr/include/freetype2 '
FREETYPE_LIBS='-lfreetype '
GEE_CFLAGS='-I/usr/include/gee-0.8 -I/usr/include/glib-2.0 -I/usr/lib/arm-linux-gnueabihf/glib-2.0/include '
GEE_LIBS='-lgee-0.8 -lgobject-2.0 -lglib-2.0 '
GETTEXT_PACKAGE='font-manager'
GIO_CFLAGS='-pthread -I/usr/include/glib-2.0 -I/usr/lib/arm-linux-gnueabihf/glib-2.0/include '
GIO_LIBS='-lgio-2.0 -lgobject-2.0 -lglib-2.0 '
GLIB_CFLAGS='-I/usr/include/glib-2.0 -I/usr/lib/arm-linux-gnueabihf/glib-2.0/include '
GLIB_COMPILE_SCHEMAS='/usr/lib/arm-linux-gnueabihf/glib-2.0/glib-compile-schemas'
GLIB_LIBS='-lglib-2.0 '
GMODULE_CFLAGS='-pthread -I/usr/include/glib-2.0 -I/usr/lib/arm-linux-gnueabihf/glib-2.0/include '
GMODULE_LIBS='-Wl,--export-dynamic -lgmodule-2.0 -pthread -lglib-2.0 '
GMOFILES=''
GMSGFMT='/usr/bin/msgfmt'
GOBJECT_CFLAGS='-I/usr/include/glib-2.0 -I/usr/lib/arm-linux-gnueabihf/glib-2.0/include '
GOBJECT_LIBS='-lgobject-2.0 -lglib-2.0 '
GREP='/bin/grep'
GSETTINGS_DISABLE_SCHEMAS_COMPILE=''
GSETTINGS_RULES='
GTK_312_CFLAGS='-pthread -I/usr/include/gtk-3.0 -I/usr/include/at-spi2-atk/2.0 -I/usr/include/at-spi-2.0 -I/usr/include/dbus-1.0 -I/usr/lib/arm-linux-gnueabihf/dbus-1.0/include -I/usr/include/gtk-3.0 -I/usr/include/gio-unix-2.0/ -I/usr/include/cairo -I/usr/include/pango-1.0 -I/usr/include/harfbuzz -I/usr/include/pango-1.0 -I/usr/include/atk-1.0 -I/usr/include/cairo -I/usr/include/pixman-1 -I/usr/include/freetype2 -I/usr/include/libpng12 -I/usr/include/gdk-pixbuf-2.0 -I/usr/include/libpng12 -I/usr/include/glib-2.0 -I/usr/lib/arm-linux-gnueabihf/glib-2.0/include '
GTK_312_LIBS='-lgtk-3 -lgdk-3 -lpangocairo-1.0 -lpango-1.0 -latk-1.0 -lcairo-gobject -lcairo -lgdk_pixbuf-2.0 -lgio-2.0 -lgobject-2.0 -lglib-2.0 '
GTK_314_CFLAGS='-pthread -I/usr/include/gtk-3.0 -I/usr/include/at-spi2-atk/2.0 -I/usr/include/at-spi-2.0 -I/usr/include/dbus-1.0 -I/usr/lib/arm-linux-gnueabihf/dbus-1.0/include -I/usr/include/gtk-3.0 -I/usr/include/gio-unix-2.0/ -I/usr/include/cairo -I/usr/include/pango-1.0 -I/usr/include/harfbuzz -I/usr/include/pango-1.0 -I/usr/include/atk-1.0 -I/usr/include/cairo -I/usr/include/pixman-1 -I/usr/include/freetype2 -I/usr/include/libpng12 -I/usr/include/gdk-pixbuf-2.0 -I/usr/include/libpng12 -I/usr/include/glib-2.0 -I/usr/lib/arm-linux-gnueabihf/glib-2.0/include '
GTK_314_LIBS='-lgtk-3 -lgdk-3 -lpangocairo-1.0 -lpango-1.0 -latk-1.0 -lcairo-gobject -lcairo -lgdk_pixbuf-2.0 -lgio-2.0 -lgobject-2.0 -lglib-2.0 '
GTK_314_OR_LATER=' -D GTK_314_OR_LATER'
GTK_316_CFLAGS=''
GTK_316_LIBS=''
GTK_316_OR_LATER=''
GUCHARMAP_CFLAGS='-pthread -I/usr/include/gtk-3.0 -I/usr/include/at-spi2-atk/2.0 -I/usr/include/at-spi-2.0 -I/usr/include/dbus-1.0 -I/usr/lib/arm-linux-gnueabihf/dbus-1.0/include -I/usr/include/gtk-3.0 -I/usr/include/gio-unix-2.0/ -I/usr/include/cairo -I/usr/include/pango-1.0 -I/usr/include/harfbuzz -I/usr/include/pango-1.0 -I/usr/include/atk-1.0 -I/usr/include/cairo -I/usr/include/pixman-1 -I/usr/include/freetype2 -I/usr/include/libpng12 -I/usr/include/gdk-pixbuf-2.0 -I/usr/include/libpng12 -I/usr/include/glib-2.0 -I/usr/lib/arm-linux-gnueabihf/glib-2.0/include -I/usr/include/gucharmap-2.90 '
GUCHARMAP_LIBS='-lgucharmap_2_90 -lgtk-3 -lgdk-3 -lpangocairo-1.0 -lpango-1.0 -latk-1.0 -lcairo-gobject -lcairo -lgdk_pixbuf-2.0 -lgio-2.0 -lgobject-2.0 -lglib-2.0 '
HAVE_FILE_ROLLER='yes'
HELP_DIR='${datadir}/help'
HELP_EXTRA ?=
HELP_FILES ?=
HELP_ID ?=
HELP_LINGUAS ?=
HELP_MEDIA ?=
HELP_POT ?=
INSTALL_DATA='${INSTALL} -m 644'
INSTALL_NAUTILUS_EXTENSION_FALSE=''
INSTALL_NAUTILUS_EXTENSION_TRUE='#'
INSTALL_NEMO_EXTENSION_FALSE=''
INSTALL_NEMO_EXTENSION_TRUE='#'
INSTALL_PROGRAM='${INSTALL}'
INSTALL_SCRIPT='${INSTALL}'
INSTALL_STRIP_PROGRAM='$(install_sh) -c -s'
INSTALL_THUNAR_EXTENSION_FALSE=''
INSTALL_THUNAR_EXTENSION_TRUE='#'
INSTOBJEXT='.mo'
INTLLIBS=''
INTLTOOL_CAVES_RULE='%.caves:     %.caves.in     $(INTLTOOL_MERGE) $(wildcard $(top_srcdir)/po/*.po) ; $(INTLTOOL_V_MERGE)LC_ALL=C $(INTLTOOL_MERGE) $(INTLTOOL_V_MERGE_OPTIONS) -d -u -c $(top_builddir)/po/.intltool-merge-cache $(top_srcdir)/po $< $@'
INTLTOOL_DESKTOP_RULE='%.desktop:   %.desktop.in   $(INTLTOOL_MERGE) $(wildcard $(top_srcdir)/po/*.po) ; $(INTLTOOL_V_MERGE)LC_ALL=C $(INTLTOOL_MERGE) $(INTLTOOL_V_MERGE_OPTIONS) -d -u -c $(top_builddir)/po/.intltool-merge-cache $(top_srcdir)/po $< $@'
INTLTOOL_DIRECTORY_RULE='%.directory: %.directory.in $(INTLTOOL_MERGE) $(wildcard $(top_srcdir)/po/*.po) ; $(INTLTOOL_V_MERGE)LC_ALL=C $(INTLTOOL_MERGE) $(INTLTOOL_V_MERGE_OPTIONS) -d -u -c $(top_builddir)/po/.intltool-merge-cache $(top_srcdir)/po $< $@'
INTLTOOL_EXTRACT='/usr/bin/intltool-extract'
INTLTOOL_KBD_RULE='%.kbd:       %.kbd.in       $(INTLTOOL_MERGE) $(wildcard $(top_srcdir)/po/*.po) ; $(INTLTOOL_V_MERGE)LC_ALL=C $(INTLTOOL_MERGE) $(INTLTOOL_V_MERGE_OPTIONS) -x -u -m -c $(top_builddir)/po/.intltool-merge-cache $(top_srcdir)/po $< $@'
INTLTOOL_KEYS_RULE='%.keys:      %.keys.in      $(INTLTOOL_MERGE) $(wildcard $(top_srcdir)/po/*.po) ; $(INTLTOOL_V_MERGE)LC_ALL=C $(INTLTOOL_MERGE) $(INTLTOOL_V_MERGE_OPTIONS) -k -u -c $(top_builddir)/po/.intltool-merge-cache $(top_srcdir)/po $< $@'
INTLTOOL_MERGE='/usr/bin/intltool-merge'
INTLTOOL_OAF_RULE='%.oaf:       %.oaf.in       $(INTLTOOL_MERGE) $(wildcard $(top_srcdir)/po/*.po) ; $(INTLTOOL_V_MERGE)LC_ALL=C $(INTLTOOL_MERGE) $(INTLTOOL_V_MERGE_OPTIONS) -o -p $(top_srcdir)/po $< $@'
INTLTOOL_PERL='/usr/bin/perl'
INTLTOOL_POLICY_RULE='%.policy:    %.policy.in    $(INTLTOOL_MERGE) $(wildcard $(top_srcdir)/po/*.po) ; $(INTLTOOL_V_MERGE)LC_ALL=C $(INTLTOOL_MERGE) $(INTLTOOL_V_MERGE_OPTIONS) -x -u -c $(top_builddir)/po/.intltool-merge-cache $(top_srcdir)/po $< $@'
INTLTOOL_PONG_RULE='%.pong:      %.pong.in      $(INTLTOOL_MERGE) $(wildcard $(top_srcdir)/po/*.po) ; $(INTLTOOL_V_MERGE)LC_ALL=C $(INTLTOOL_MERGE) $(INTLTOOL_V_MERGE_OPTIONS) -x -u -c $(top_builddir)/po/.intltool-merge-cache $(top_srcdir)/po $< $@'
INTLTOOL_PROP_RULE='%.prop:      %.prop.in      $(INTLTOOL_MERGE) $(wildcard $(top_srcdir)/po/*.po) ; $(INTLTOOL_V_MERGE)LC_ALL=C $(INTLTOOL_MERGE) $(INTLTOOL_V_MERGE_OPTIONS) -d -u -c $(top_builddir)/po/.intltool-merge-cache $(top_srcdir)/po $< $@'
INTLTOOL_SCHEMAS_RULE='%.schemas:   %.schemas.in   $(INTLTOOL_MERGE) $(wildcard $(top_srcdir)/po/*.po) ; $(INTLTOOL_V_MERGE)LC_ALL=C $(INTLTOOL_MERGE) $(INTLTOOL_V_MERGE_OPTIONS) -s -u -c $(top_builddir)/po/.intltool-merge-cache $(top_srcdir)/po $< $@'
INTLTOOL_SERVER_RULE='%.server:    %.server.in    $(INTLTOOL_MERGE) $(wildcard $(top_srcdir)/po/*.po) ; $(INTLTOOL_V_MERGE)LC_ALL=C $(INTLTOOL_MERGE) $(INTLTOOL_V_MERGE_OPTIONS) -o -u -c $(top_builddir)/po/.intltool-merge-cache $(top_srcdir)/po $< $@'
INTLTOOL_SERVICE_RULE='%.service: %.service.in   $(INTLTOOL_MERGE) $(wildcard $(top_srcdir)/po/*.po) ; $(INTLTOOL_V_MERGE)LC_ALL=C $(INTLTOOL_MERGE) $(INTLTOOL_V_MERGE_OPTIONS) -d -u -c $(top_builddir)/po/.intltool-merge-cache $(top_srcdir)/po $< $@'
INTLTOOL_SHEET_RULE='%.sheet:     %.sheet.in     $(INTLTOOL_MERGE) $(wildcard $(top_srcdir)/po/*.po) ; $(INTLTOOL_V_MERGE)LC_ALL=C $(INTLTOOL_MERGE) $(INTLTOOL_V_MERGE_OPTIONS) -x -u -c $(top_builddir)/po/.intltool-merge-cache $(top_srcdir)/po $< $@'
INTLTOOL_SOUNDLIST_RULE='%.soundlist: %.soundlist.in $(INTLTOOL_MERGE) $(wildcard $(top_srcdir)/po/*.po) ; $(INTLTOOL_V_MERGE)LC_ALL=C $(INTLTOOL_MERGE) $(INTLTOOL_V_MERGE_OPTIONS) -d -u -c $(top_builddir)/po/.intltool-merge-cache $(top_srcdir)/po $< $@'
INTLTOOL_THEME_RULE='%.theme:     %.theme.in     $(INTLTOOL_MERGE) $(wildcard $(top_srcdir)/po/*.po) ; $(INTLTOOL_V_MERGE)LC_ALL=C $(INTLTOOL_MERGE) $(INTLTOOL_V_MERGE_OPTIONS) -d -u -c $(top_builddir)/po/.intltool-merge-cache $(top_srcdir)/po $< $@'
INTLTOOL_UI_RULE='%.ui:        %.ui.in        $(INTLTOOL_MERGE) $(wildcard $(top_srcdir)/po/*.po) ; $(INTLTOOL_V_MERGE)LC_ALL=C $(INTLTOOL_MERGE) $(INTLTOOL_V_MERGE_OPTIONS) -x -u -c $(top_builddir)/po/.intltool-merge-cache $(top_srcdir)/po $< $@'
INTLTOOL_UPDATE='/usr/bin/intltool-update'
INTLTOOL_V_MERGE='$(INTLTOOL__v_MERGE_$(V))'
INTLTOOL_V_MERGE_OPTIONS='$(intltool__v_merge_options_$(V))'
INTLTOOL_XAM_RULE='%.xam:       %.xml.in       $(INTLTOOL_MERGE) $(wildcard $(top_srcdir)/po/*.po) ; $(INTLTOOL_V_MERGE)LC_ALL=C $(INTLTOOL_MERGE) $(INTLTOOL_V_MERGE_OPTIONS) -x -u -c $(top_builddir)/po/.intltool-merge-cache $(top_srcdir)/po $< $@'
INTLTOOL_XML_NOMERGE_RULE='%.xml:       %.xml.in       $(INTLTOOL_MERGE) ; $(INTLTOOL_V_MERGE)LC_ALL=C $(INTLTOOL_MERGE) $(INTLTOOL_V_MERGE_OPTIONS) -x -u --no-translations $< $@'
INTLTOOL_XML_RULE='%.xml:       %.xml.in       $(INTLTOOL_MERGE) $(wildcard $(top_srcdir)/po/*.po) ; $(INTLTOOL_V_MERGE)LC_ALL=C $(INTLTOOL_MERGE) $(INTLTOOL_V_MERGE_OPTIONS) -x -u -c $(top_builddir)/po/.intltool-merge-cache $(top_srcdir)/po $< $@'
INTLTOOL__v_MERGE_0='@echo "  ITMRG " $@;'
INTLTOOL__v_MERGE_='$(INTLTOOL__v_MERGE_$(AM_DEFAULT_VERBOSITY))'
ITSTOOL='itstool'
JSONGLIB_CFLAGS='-pthread -I/usr/include/json-glib-1.0 -I/usr/include/glib-2.0 -I/usr/lib/arm-linux-gnueabihf/glib-2.0/include '
JSONGLIB_LIBS='-ljson-glib-1.0 -lgio-2.0 -lgobject-2.0 -lglib-2.0 '
LD='/usr/bin/ld'
LDFLAGS=''
LIBOBJS=''
LIBS=''
LIBTOOL='$(SHELL) $(top_builddir)/libtool'
LIPO=''
LN_S='ln -s'
LTLIBOBJS=''
MAKEINFO='${SHELL} /home/pi/font-manager-0.7.2/missing makeinfo'
MANIFEST_TOOL=':'
MKDIR_P='/bin/mkdir -p'
MKINSTALLDIRS='./mkinstalldirs'
MSGFMT='/usr/bin/msgfmt'
MSGFMT_OPTS='-c'
MSGMERGE='/usr/bin/msgmerge'
NAUTILUS_PYTHON_CFLAGS=''
NAUTILUS_PYTHON_LIBS=''
NEMO_PYTHON_CFLAGS=''
NEMO_PYTHON_LIBS=''
NM='/usr/bin/nm -B'
NMEDIT=''
OBJDUMP='objdump'
OBJEXT='o'
OTOOL64=''
OTOOL=''
PACKAGE='font-manager'
PACKAGE_BUGREPORT='https://code.google.com/p/font-manager/issues/list'
PACKAGE_NAME='font-manager'
PACKAGE_STRING='font-manager 0.7.2'
PACKAGE_TARNAME='font-manager'
PACKAGE_URL=''
PACKAGE_VERSION='0.7.2'
PANGOCAIRO_CFLAGS='-pthread -I/usr/include/pango-1.0 -I/usr/include/cairo -I/usr/include/glib-2.0 -I/usr/lib/arm-linux-gnueabihf/glib-2.0/include -I/usr/include/pixman-1 -I/usr/include/freetype2 -I/usr/include/libpng12 '
PANGOCAIRO_LIBS='-lpangocairo-1.0 -lpango-1.0 -lgobject-2.0 -lglib-2.0 -lcairo '
PANGOFT2_CFLAGS='-pthread -I/usr/include/pango-1.0 -I/usr/include/harfbuzz -I/usr/include/pango-1.0 -I/usr/include/glib-2.0 -I/usr/lib/arm-linux-gnueabihf/glib-2.0/include -I/usr/include/freetype2 '
PANGOFT2_LIBS='-lpangoft2-1.0 -lpango-1.0 -lgobject-2.0 -lglib-2.0 -lfontconfig -lfreetype '
PANGO_CFLAGS='-pthread -I/usr/include/pango-1.0 -I/usr/include/glib-2.0 -I/usr/lib/arm-linux-gnueabihf/glib-2.0/include '
PANGO_LIBS='-lpango-1.0 -lgobject-2.0 -lglib-2.0 '
PATH_SEPARATOR=':'
PKG_CONFIG='/usr/bin/pkg-config'
PKG_CONFIG_LIBDIR=''
PKG_CONFIG_PATH=''
POFILES=''
POSUB='po'
PO_IN_DATADIR_FALSE=''
PO_IN_DATADIR_TRUE=''
PYTHON=''
PYTHON_EXEC_PREFIX=''
PYTHON_PLATFORM=''
PYTHON_PREFIX=''
PYTHON_VERSION=''
RANLIB='ranlib'
SED='/bin/sed'
SET_MAKE=''
SHELL='/bin/bash'
SQLITE3_CFLAGS=''
SQLITE3_LIBS='-lsqlite3 '
STRIP='strip'
USE_NLS='yes'
VALAC='valac'
VALA_0271_OR_LATER=''
VERSION='0.7.2'
XGETTEXT='/usr/bin/xgettext'
XMLLINT='xmllint'
XML_CFLAGS='-I/usr/include/libxml2 '
XML_LIBS='-lxml2 '
YELP_HELP_RULES='
YELP_LC_DIST='true'
YELP_LC_MEDIA_LINKS='true'
YELP_TOOLS='yes'
_HELP_C_EXTRA = $(foreach f,$(HELP_EXTRA),C/$(f))
_HELP_C_FILES = $(foreach f,$(HELP_FILES),C/$(f))
_HELP_C_MEDIA = $(foreach f,$(HELP_MEDIA),C/$(f))
_HELP_DEFAULT_V = $(if $(AM_DEFAULT_VERBOSITY),$(AM_DEFAULT_VERBOSITY),1)
_HELP_LC_FILES = $(foreach lc,$(_HELP_LINGUAS),$(foreach f,$(HELP_FILES),$(lc)/$(f)))
_HELP_LC_STAMPS = $(foreach lc,$(_HELP_LINGUAS),$(lc)/$(lc).stamp)
_HELP_LC_VERBOSE = $(_HELP_LC_VERBOSE_$(_HELP_V))
_HELP_LC_VERBOSE_ = $(_HELP_LC_VERBOSE_$(_HELP_DEFAULT_V))
_HELP_LC_VERBOSE_0 = @echo "  GEN    "$(dir $@);
_HELP_LINGUAS = $(if $(filter environment,$(origin LINGUAS)),$(filter $(LINGUAS),$(HELP_LINGUAS)),$(HELP_LINGUAS))
_HELP_MOFILES = $(patsubst %.po,%.mo,$(_HELP_POFILES))
_HELP_POFILES = $(if $(HELP_ID),$(foreach lc,$(_HELP_LINGUAS),$(lc)/$(lc).po))
_HELP_POTFILE = $(if $(HELP_POT),$(HELP_POT),$(if $(HELP_ID),$(HELP_ID).pot))
_HELP_V = $(if $(V),$(V),$(_HELP_DEFAULT_V))
ac_ct_AR='ar'
ac_ct_CC='gcc'
ac_ct_DUMPBIN=''
all-am: $(gsettings_SCHEMAS:.xml=.valid)
all: $(_HELP_C_FILES) $(_HELP_C_EXTRA) $(_HELP_C_MEDIA) $(_HELP_LC_FILES) $(_HELP_POFILES)
am__EXEEXT_FALSE=''
am__EXEEXT_TRUE='#'
am__fastdepCC_FALSE='#'
am__fastdepCC_TRUE=''
am__include='include'
am__isrc=''
am__leading_dot='.'
am__nodep='_no'
am__quote=''
am__tar='$${TAR-tar} chof - "$$tardir"'
am__untar='$${TAR-tar} xf -'
bindir='${exec_prefix}/bin'
build='armv7l-unknown-linux-gnueabihf'
build_alias=''
build_cpu='armv7l'
build_os='linux-gnueabihf'
build_vendor='unknown'
check-help:
check: check-help
clean-gsettings-schemas:
clean-help:
datadir='${datarootdir}'
datarootdir='${prefix}/share'
distdir-help-files: $(_HELP_LC_FILES)
distdir: distdir-help-files
docdir='${datarootdir}/doc/${PACKAGE_TARNAME}'
dvidir='${docdir}'
endif'
exec_prefix='${prefix}'
gsettings__enum_file = $(addsuffix .enums.xml,$(gsettings_ENUM_NAMESPACE))
gsettingsschemadir='${datarootdir}/glib-2.0/schemas'
host='armv7l-unknown-linux-gnueabihf'
host_alias=''
host_cpu='armv7l'
host_os='linux-gnueabihf'
host_vendor='unknown'
htmldir='${docdir}'
ifdef gsettings_ENUM_NAMESPACE
includedir='${prefix}/include'
infodir='${datarootdir}/info'
install-data-am: $(if $(HELP_ID),install-help)
install-data-am: install-gsettings-schemas
install-gsettings-schemas: $(gsettings_SCHEMAS) $(gsettings__enum_file)
install-help: $(_HELP_LC_FILES)
install_sh='${SHELL} /home/pi/font-manager-0.7.2/install-sh'
intltool__v_merge_options_0='-q'
intltool__v_merge_options_='$(intltool__v_merge_options_$(AM_DEFAULT_VERBOSITY))'
libdir='${exec_prefix}/lib'
libexecdir='${exec_prefix}/libexec'
localedir='${datarootdir}/locale'
localstatedir='${prefix}/var'
mandir='${datarootdir}/man'
mkdir_p='$(MKDIR_P)'
mostlyclean-am: $(if $(HELP_ID),clean-help)
mostlyclean-am: clean-gsettings-schemas
oldincludedir='/usr/include'
pdfdir='${docdir}'
pkgpyexecdir=''
pkgpythondir=''
pot: $(_HELP_POTFILE)
prefix='/usr/local'
program_transform_name='s,x,x,'
psdir='${docdir}'
pyexecdir=''
pythondir=''
repo: $(_HELP_POTFILE)
sbindir='${exec_prefix}/sbin'
sharedstatedir='${prefix}/com'
sysconfdir='${prefix}/etc'
target_alias=''
uninstall-am: $(if $(HELP_ID),uninstall-help)
uninstall-am: uninstall-gsettings-schemas
uninstall-gsettings-schemas:
uninstall-help:

## ----------- ##
## confdefs.h. ##
## ----------- ##

/* confdefs.h */
#define PACKAGE_NAME "font-manager"
#define PACKAGE_TARNAME "font-manager"
#define PACKAGE_VERSION "0.7.2"
#define PACKAGE_STRING "font-manager 0.7.2"
#define PACKAGE_BUGREPORT "https://code.google.com/p/font-manager/issues/list"
#define PACKAGE_URL ""
#define PACKAGE "font-manager"
#define VERSION "0.7.2"
#define STDC_HEADERS 1
#define HAVE_SYS_TYPES_H 1
#define HAVE_SYS_STAT_H 1
#define HAVE_STDLIB_H 1
#define HAVE_STRING_H 1
#define HAVE_MEMORY_H 1
#define HAVE_STRINGS_H 1
#define HAVE_INTTYPES_H 1
#define HAVE_STDINT_H 1
#define HAVE_UNISTD_H 1
#define HAVE_DLFCN_H 1
#define LT_OBJDIR ".libs/"
#define GETTEXT_PACKAGE "font-manager"
#define HAVE_LOCALE_H 1
#define HAVE_LC_MESSAGES 1
#define HAVE_BIND_TEXTDOMAIN_CODESET 1
#define HAVE_GETTEXT 1
#define HAVE_DCGETTEXT 1
#define ENABLE_NLS 1

configure: exit 0

## ---------------------- ##
## Running config.status. ##
## ---------------------- ##

This file was extended by font-manager config.status 0.7.2, which was
generated by GNU Autoconf 2.69.  Invocation command line was

  CONFIG_FILES    = po/Makefile.in
  CONFIG_HEADERS  = 
  CONFIG_LINKS    = 
  CONFIG_COMMANDS = 
  $ ./config.status 

on gluon3

config.status:1378: creating po/Makefile.in
config.status:1550: executing depfiles commands
config.status:1550: executing libtool commands
config.status:1550: executing default-1 commands
config.status:1550: executing po/stamp-it commands
